2019-03-31 09:09:31,198 INFO::<module>:: rs_pre.py::PROGRAM START::2019-03-31T09:09:31.198550
2019-03-31 09:09:31,198 INFO::<module>:: command-line: bin/rs_pre.py pre_synthetic --time_start 20170501 --time_end 20170731 --target_schedule target_schedule_d6.txt --use_generic_prior --mission_lst S1A S2A S2B
2019-03-31 09:09:31,202 INFO::main:: user selection +++pre_synthetic+++
2019-03-31 09:09:31,202 INFO::pre_synthetic:: 'site.nml' was created as copy of Wallerfing default namelist file ***/home/michael/.local/lib/python2.7/site-packages/signaturesimulator/site.nml***
2019-03-31 09:09:31,202 INFO::pre_synthetic:: START reading namelist ***site.nml***...
2019-03-31 09:09:31,203 INFO::pre_synthetic:: ...reading DONE
2019-03-31 09:09:31,205 INFO::pre_synthetic:: operating for temporal range 2017-05-01T00:00:00 - 2017-07-31T23:59:59 (num_days=91)
2019-03-31 09:09:31,205 INFO::pre_synthetic:: selected mission_lst: ['S1A', 'S2A', 'S2B']
2019-03-31 09:09:31,208 INFO::load_obs_csv:: observation data loaded from file ***/home/michael/work/iLab-svn/projects/s1+2/retrieval_paper/input/mni_s1_508_med_2017.csv***
2019-03-31 09:09:31,210 INFO::load_obs_csv:: detected ntimepts=177 #columns=10 in csv file
2019-03-31 09:09:31,210 INFO::load_obs_csv:: start reading S1 observations...
2019-03-31 09:09:31,210 INFO::load_obs_csv:: observation at date 2017-05-04T05:26 is from mission=S1B and ignored here.
2019-03-31 09:09:31,210 INFO::load_obs_csv:: observation at date 2017-05-11T05:17 is from mission=S1B and ignored here.
2019-03-31 09:09:31,210 INFO::load_obs_csv:: observation at date 2017-05-12T17:06 is from mission=S1B and ignored here.
2019-03-31 09:09:31,210 INFO::load_obs_csv:: observation at date 2017-05-16T05:26 is from mission=S1B and ignored here.
2019-03-31 09:09:31,210 INFO::load_obs_csv:: observation at date 2017-05-23T05:17 is from mission=S1B and ignored here.
2019-03-31 09:09:31,210 INFO::load_obs_csv:: observation at date 2017-05-24T17:06 is from mission=S1B and ignored here.
2019-03-31 09:09:31,210 INFO::load_obs_csv:: observation at date 2017-05-28T05:26 is from mission=S1B and ignored here.
2019-03-31 09:09:31,210 INFO::load_obs_csv:: observation at date 2017-06-04T05:17 is from mission=S1B and ignored here.
2019-03-31 09:09:31,210 INFO::load_obs_csv:: observation at date 2017-06-05T17:06 is from mission=S1B and ignored here.
2019-03-31 09:09:31,210 INFO::load_obs_csv:: observation at date 2017-06-09T05:26 is from mission=S1B and ignored here.
2019-03-31 09:09:31,210 INFO::load_obs_csv:: observation at date 2017-06-16T05:17 is from mission=S1B and ignored here.
2019-03-31 09:09:31,210 INFO::load_obs_csv:: observation at date 2017-06-17T17:06 is from mission=S1B and ignored here.
2019-03-31 09:09:31,210 INFO::load_obs_csv:: observation at date 2017-06-21T05:26 is from mission=S1B and ignored here.
2019-03-31 09:09:31,210 INFO::load_obs_csv:: observation at date 2017-06-28T05:17 is from mission=S1B and ignored here.
2019-03-31 09:09:31,210 INFO::load_obs_csv:: observation at date 2017-06-29T17:06 is from mission=S1B and ignored here.
2019-03-31 09:09:31,210 INFO::load_obs_csv:: observation at date 2017-07-03T05:26 is from mission=S1B and ignored here.
2019-03-31 09:09:31,210 INFO::load_obs_csv:: observation at date 2017-07-10T05:17 is from mission=S1B and ignored here.
2019-03-31 09:09:31,210 INFO::load_obs_csv:: observation at date 2017-07-11T17:06 is from mission=S1B and ignored here.
2019-03-31 09:09:31,210 INFO::load_obs_csv:: observation at date 2017-07-15T05:26 is from mission=S1B and ignored here.
2019-03-31 09:09:31,210 INFO::load_obs_csv:: observation at date 2017-07-22T05:17 is from mission=S1B and ignored here.
2019-03-31 09:09:31,210 INFO::load_obs_csv:: observation at date 2017-07-23T17:06 is from mission=S1B and ignored here.
2019-03-31 09:09:31,210 INFO::load_obs_csv:: observation at date 2017-07-27T05:26 is from mission=S1B and ignored here.
2019-03-31 09:09:31,211 INFO::load_obs_csv:: observation data loaded from file ***/home/michael/work/iLab-svn/projects/s1+2/retrieval_paper/input/mni_s2_508_med_2017.csv***
2019-03-31 09:09:31,211 INFO::load_obs_csv:: detected ntimepts=21 #columns=21 in csv file
2019-03-31 09:09:31,211 INFO::load_obs_csv:: start reading S2 observations...
2019-03-31 09:09:31,211 INFO::_read_target_schedule:: target schedule will be read from file ***target_schedule_d6.txt***
2019-03-31 09:09:31,212 INFO::_read_target_schedule:: ...reading target schedule DONE (nxtgt=33)
2019-03-31 09:09:31,212 INFO::setup_common_schedule:: determined ntpts=67
2019-03-31 09:09:31,213 INFO::setup_common_schedule:: common schedule yields time-points  S1A=25 S1B=0 S2A=6 S2B=3 other=33
2019-03-31 09:09:31,213 INFO::_set_priorunc:: applied relative uncertainty 1.0 on lai coefficients.
2019-03-31 09:09:31,213 INFO::_set_priorunc:: applied absolute uncertainty on state vector components, lai_absunc=5.0 canht_absunc=2.0 sm_absunc=0.2
2019-03-31 09:09:31,213 INFO::_set_priorunc:: uncertainty floor values were applied as follows: lai_uncfloor=0.001 canht_uncfloor=0.001 sm_uncfloor=0.001
2019-03-31 09:09:31,214 INFO::set_dynmodel:: Applying default values on dynamical model uncertainties.
2019-03-31 09:09:31,214 INFO::ncwrt_retrieval_config:: Start writing configuration file ***retrconfig.nc***...
2019-03-31 09:09:31,217 INFO::ncwrt_retrieval_config:: ...writing ***retrconfig.nc*** DONE
2019-03-31 09:09:31,217 INFO::ncwrt_retrieval_prior:: Start writing configuration file ***retrprior.nc***...
2019-03-31 09:09:31,221 INFO::ncwrt_retrieval_prior:: ...writing ***retrprior.nc*** DONE
2019-03-31 09:09:31,221 INFO::ncwrt_retrieval_model:: Start writing configuration file ***retrmodel.nc***...
2019-03-31 09:09:31,226 INFO::ncwrt_retrieval_model:: ...writing ***retrmodel.nc*** DONE
2019-03-31 09:09:31,226 INFO::wrt_nml_retrieval_control:: Start writing configuration file ***retrctl.nml***...
2019-03-31 09:09:31,226 INFO::wrt_nml_retrieval_control:: ...writing ***retrctl.nml*** DONE
2019-03-31 09:09:31,226 INFO::wrt_nml_controlvector_bounds:: Start writing configuration file ***retrctlvecbounds.nml***...
2019-03-31 09:09:31,226 INFO::wrt_nml_controlvector_bounds:: ...writing ***retrctlvecbounds.nml*** DONE
