 INFO::retrieval_read_ctl:read settings from file ***retrctl.nml***...
 INFO::retrieval_read_ctl:...reading done.
 INFO::use_prior_term: T
 INFO::use_state_term: T
 INFO::gradient_tolerance: .10000E-04
 INFO::prior_pert: .25000E+00
 INFO::runua:calling initf...
 DEBUG::load_ivgeom:ndims= 2
 INFO::initf:retrieval configuration was read from ***retrconfig.nc***
 DEBUG::initf:ncrd_retrieval_config has finished, yields:npts=  67 npts_s1=  47 npts_s2=   9
 INFO::load_sitenml:successfully read site namelist file ***site.nml***
 INFO::setprior:prior control vector was read from ***retrprior.nc***
 DEBUG::setprior:ncrd_retrieval_prior terminated successfully
 INFO::runua:...done.
 INFO::runua:calling initx...
 INFO::runua:...done.
 INFO::state_model_set:will be setting-up simple state-model of type "mx(i+1)=a(i+1)*x(i) + b(i+1)"
 INFO::state_model_set:reading model configuration from file ***retrmodel.nc***...
 INFO::state_model_set:...reading done.
 INFO::getobs:initial loading of observations...
 INFO::getobs:reading S1 observations from ***obs_s1.nc***
 INFO::ncrd_obs_vector:dataset ---backscatter--- detected fill-value:-99999.00000000
 INFO::ncrd_obs_vector:dataset ---backscatter_unc--- detected fill-value:-99999.00000000
 INFO::ncrd_obs_vector:s1 detected no fill-values
 INFO::ncrd_obs_vector:s1 detected no uncertainthy fill-values
 INFO::getobs:...loading S1 observations done.
 INFO::getobs:reading S2 observations from ***obs_s2.nc***
 INFO::ncrd_obs_vector:dataset ---brf--- detected fill-value:-99999.00000000
 INFO::ncrd_obs_vector:dataset ---brf_unc--- detected fill-value:-99999.00000000
 INFO::ncrd_obs_vector:s2 detected no fill-values
 INFO::ncrd_obs_vector:s2 detected no uncertainthy fill-values
 INFO::getobs:...loading observations done.
 INFO::getobs:...initial loading done
 
 INFO::ua:SVD done with ierr =          0
 
#
#       i          Prior Sigma          Post Sigma       Unc. Red. [%]
#
        1         0.100000E+00        0.265812E-01            73.41881
        2         0.100000E+00        0.274775E-01            72.52247
        3         0.500000E+01        0.132312E+01            73.53764
        4         0.200000E+01        0.111854E+01            44.07319
        5         0.200000E+00        0.134354E+00            32.82292
        6         0.500000E+01        0.117448E+01            76.51031
        7         0.200000E+01        0.983828E+00            50.80862
        8         0.200000E+00        0.118313E+00            40.84373
        9         0.500000E+01        0.109518E+01            78.09640
       10         0.200000E+01        0.923894E+00            53.80529
       11         0.200000E+00        0.124648E+00            37.67603
       12         0.500000E+01        0.107149E+01            78.57014
       13         0.200000E+01        0.905344E+00            54.73280
       14         0.200000E+00        0.124051E+00            37.97463
       15         0.500000E+01        0.106543E+01            78.69136
       16         0.200000E+01        0.892977E+00            55.35117
       17         0.200000E+00        0.113978E+00            43.01108
       18         0.500000E+01        0.114169E+01            77.16620
       19         0.200000E+01        0.935416E+00            53.22919
       20         0.200000E+00        0.142390E+00            28.80501
       21         0.500000E+01        0.104685E+01            79.06296
       22         0.200000E+01        0.873127E+00            56.34364
       23         0.200000E+00        0.122057E+00            38.97163
       24         0.500000E+01        0.117648E+01            76.47035
       25         0.200000E+01        0.942124E+00            52.89381
       26         0.200000E+00        0.156111E+00            21.94426
       27         0.500000E+01        0.117654E+01            76.46924
       28         0.200000E+01        0.941995E+00            52.90024
       29         0.200000E+00        0.155984E+00            22.00816
       30         0.500000E+01        0.104705E+01            79.05901
       31         0.200000E+01        0.872563E+00            56.37184
       32         0.200000E+00        0.120768E+00            39.61618
       33         0.500000E+01        0.113618E+01            77.27635
       34         0.200000E+01        0.929689E+00            53.51555
       35         0.200000E+00        0.142254E+00            28.87316
       36         0.500000E+01        0.105493E+01            78.90137
       37         0.200000E+01        0.876715E+00            56.16427
       38         0.200000E+00        0.113001E+00            43.49955
       39         0.500000E+01        0.116690E+01            76.66190
       40         0.200000E+01        0.940109E+00            52.99456
       41         0.200000E+00        0.155220E+00            22.38997
       42         0.500000E+01        0.115017E+01            76.99657
       43         0.200000E+01        0.935336E+00            53.23322
       44         0.200000E+00        0.155265E+00            22.36754
       45         0.500000E+01        0.995136E+00            80.09727
       46         0.200000E+01        0.855722E+00            57.21390
       47         0.200000E+00        0.113483E+00            43.25831
       48         0.500000E+01        0.100649E+01            79.87020
       49         0.200000E+01        0.887136E+00            55.64319
       50         0.200000E+00        0.141098E+00            29.45102
       51         0.500000E+01        0.763180E+00            84.73641
       52         0.200000E+01        0.753926E+00            62.30369
       53         0.200000E+00        0.108913E+00            45.54367
       54         0.500000E+01        0.487679E-01            99.02464
       55         0.200000E+01        0.744436E+00            62.77820
       56         0.200000E+00        0.806908E-01            59.65461
       57         0.500000E+01        0.860920E+00            82.78159
       58         0.200000E+01        0.892029E+00            55.39855
       59         0.200000E+00        0.152460E+00            23.76996
       60         0.500000E+01        0.101917E+01            79.61662
       61         0.200000E+01        0.915156E+00            54.24221
       62         0.200000E+00        0.155873E+00            22.06372
       63         0.500000E+01        0.971093E+00            80.57814
       64         0.200000E+01        0.850867E+00            57.45667
       65         0.200000E+00        0.121524E+00            39.23785
       66         0.500000E+01        0.112443E+01            77.51135
       67         0.200000E+01        0.931904E+00            53.40480
       68         0.200000E+00        0.156170E+00            21.91496
       69         0.500000E+01        0.112970E+01            77.40595
       70         0.200000E+01        0.934333E+00            53.28335
       71         0.200000E+00        0.175764E+00            12.11802
       72         0.500000E+01        0.990242E+00            80.19516
       73         0.200000E+01        0.861620E+00            56.91899
       74         0.200000E+00        0.118551E+00            40.72468
       75         0.500000E+01        0.908023E+00            81.83955
       76         0.200000E+01        0.828632E+00            58.56841
       77         0.200000E+00        0.122961E+00            38.51961
       78         0.500000E+01        0.767710E+00            84.64579
       79         0.200000E+01        0.784973E+00            60.75134
       80         0.200000E+00        0.117713E+00            41.14366
       81         0.500000E+01        0.492039E-01            99.01592
       82         0.200000E+01        0.719131E+00            64.04346
       83         0.200000E+00        0.825277E-01            58.73613
       84         0.500000E+01        0.752650E+00            84.94700
       85         0.200000E+01        0.760657E+00            61.96716
       86         0.200000E+00        0.100243E+00            49.87847
       87         0.500000E+01        0.860448E+00            82.79104
       88         0.200000E+01        0.812430E+00            59.37848
       89         0.200000E+00        0.119377E+00            40.31134
       90         0.500000E+01        0.872052E+00            82.55895
       91         0.200000E+01        0.822444E+00            58.87781
       92         0.200000E+00        0.120903E+00            39.54872
       93         0.500000E+01        0.753051E+00            84.93898
       94         0.200000E+01        0.773541E+00            61.32293
       95         0.200000E+00        0.102804E+00            48.59808
       96         0.500000E+01        0.475999E-01            99.04800
       97         0.200000E+01        0.746762E+00            62.66188
       98         0.200000E+00        0.724080E-01            63.79598
       99         0.500000E+01        0.752801E+00            84.94398
      100         0.200000E+01        0.767805E+00            61.60975
      101         0.200000E+00        0.109803E+00            45.09830
      102         0.500000E+01        0.892866E+00            82.14268
      103         0.200000E+01        0.831157E+00            58.44215
      104         0.200000E+00        0.121603E+00            39.19866
      105         0.500000E+01        0.926389E+00            81.47222
      106         0.200000E+01        0.846239E+00            57.68805
      107         0.200000E+00        0.113051E+00            43.47443
      108         0.500000E+01        0.885239E+00            82.29521
      109         0.200000E+01        0.828100E+00            58.59500
      110         0.200000E+00        0.121691E+00            39.15451
      111         0.500000E+01        0.763201E+00            84.73599
      112         0.200000E+01        0.800108E+00            59.99461
      113         0.200000E+00        0.118050E+00            40.97507
      114         0.500000E+01        0.477302E-01            99.04540
      115         0.200000E+01        0.790160E+00            60.49198
      116         0.200000E+00        0.790597E-01            60.47015
      117         0.500000E+01        0.768120E+00            84.63760
      118         0.200000E+01        0.801520E+00            59.92402
      119         0.200000E+00        0.108975E+00            45.51237
      120         0.500000E+01        0.889510E+00            82.20981
      121         0.200000E+01        0.832675E+00            58.36623
      122         0.200000E+00        0.121452E+00            39.27417
      123         0.500000E+01        0.945793E+00            81.08414
      124         0.200000E+01        0.854950E+00            57.25249
      125         0.200000E+00        0.122976E+00            38.51186
      126         0.500000E+01        0.949050E+00            81.01900
      127         0.200000E+01        0.854268E+00            57.28661
      128         0.200000E+00        0.112195E+00            43.90270
      129         0.500000E+01        0.891600E+00            82.16800
      130         0.200000E+01        0.824643E+00            58.76787
      131         0.200000E+00        0.122340E+00            38.83001
      132         0.500000E+01        0.764081E+00            84.71838
      133         0.200000E+01        0.781721E+00            60.91395
      134         0.200000E+00        0.117068E+00            41.46584
      135         0.500000E+01        0.496237E-01            99.00753
      136         0.200000E+01        0.706408E+00            64.67960
      137         0.200000E+00        0.840913E-01            57.95434
      138         0.500000E+01        0.761204E+00            84.77591
      139         0.200000E+01        0.759814E+00            62.00932
      140         0.200000E+00        0.100284E+00            49.85785
      141         0.500000E+01        0.887911E+00            82.24178
      142         0.200000E+01        0.821778E+00            58.91108
      143         0.200000E+00        0.119998E+00            40.00092
      144         0.500000E+01        0.945911E+00            81.08177
      145         0.200000E+01        0.851927E+00            57.40364
      146         0.200000E+00        0.122780E+00            38.61021
      147         0.500000E+01        0.949250E+00            81.01499
      148         0.200000E+01        0.852022E+00            57.39890
      149         0.200000E+00        0.113127E+00            43.43632
      150         0.500000E+01        0.893519E+00            82.12961
      151         0.200000E+01        0.821132E+00            58.94341
      152         0.200000E+00        0.121131E+00            39.43447
      153         0.500000E+01        0.758569E+00            84.82863
      154         0.200000E+01        0.756285E+00            62.18573
      155         0.200000E+00        0.108062E+00            45.96881
      156         0.500000E+01        0.492822E-01            99.01436
      157         0.200000E+01        0.711634E+00            64.41832
      158         0.200000E+00        0.838230E-01            58.08851
      159         0.500000E+01        0.472628E-01            99.05474
      160         0.200000E+01        0.757949E+00            62.10253
      161         0.200000E+00        0.748130E-01            62.59348
      162         0.500000E+01        0.761574E+00            84.76851
      163         0.200000E+01        0.771867E+00            61.40663
      164         0.200000E+00        0.101326E+00            49.33689
      165         0.500000E+01        0.890729E+00            82.18542
      166         0.200000E+01        0.826897E+00            58.65514
      167         0.200000E+00        0.119193E+00            40.40374
      168         0.500000E+01        0.946708E+00            81.06583
      169         0.200000E+01        0.853926E+00            57.30371
      170         0.200000E+00        0.122827E+00            38.58655
      171         0.500000E+01        0.949522E+00            81.00956
      172         0.200000E+01        0.854489E+00            57.27557
      173         0.200000E+00        0.112796E+00            43.60190
      174         0.500000E+01        0.893863E+00            82.12275
      175         0.200000E+01        0.826627E+00            58.66864
      176         0.200000E+00        0.120672E+00            39.66385
      177         0.500000E+01        0.756679E+00            84.86642
      178         0.200000E+01        0.771715E+00            61.41427
      179         0.200000E+00        0.108490E+00            45.75490
      180         0.500000E+01        0.470723E-01            99.05855
      181         0.200000E+01        0.761508E+00            61.92460
      182         0.200000E+00        0.737945E-01            63.10274
      183         0.500000E+01        0.640513E+00            87.18973
      184         0.200000E+01        0.724948E+00            63.75258
      185         0.200000E+00        0.100628E+00            49.68604
      186         0.500000E+01        0.488192E-01            99.02362
      187         0.200000E+01        0.698550E+00            65.07252
      188         0.200000E+00        0.774863E-01            61.25687
      189         0.500000E+01        0.763171E+00            84.73657
      190         0.200000E+01        0.760347E+00            61.98265
      191         0.200000E+00        0.110565E+00            44.71748
      192         0.500000E+01        0.934401E+00            81.31198
      193         0.200000E+01        0.848547E+00            57.57265
      194         0.200000E+00        0.121721E+00            39.13931
      195         0.500000E+01        0.103007E+01            79.39866
      196         0.200000E+01        0.900412E+00            54.97938
      197         0.200000E+00        0.113832E+00            43.08395
      198         0.500000E+01        0.110950E+01            77.80995
      199         0.200000E+01        0.960805E+00            51.95974
      200         0.200000E+00        0.126609E+00            36.69529
      201         0.500000E+01        0.127101E+01            74.57982
      202         0.200000E+01        0.110182E+01            44.90882
      203         0.200000E+00        0.145416E+00            27.29208
 INFO::finishdf:resulting file ***controlvector_prior.nc*** successfully written.
 INFO::finishdf:resulting file ***controlvector_post.nc*** successfully written.
 
       Extreme off diagonal correlations
            Min/Max                 value    i    j
                Min              -0.27653  116  115
                Max               0.38418    7    4
 
 INFO::runua:start target HH-backscatter processing...
 INFO::backscatter_hh_retrieval:start computation of HH-backscatter at prior...
 INFO::backscatter_hh_retrieval:...DONE
 INFO::backscatter_hh_retrieval:start computation of HH-backscatter at x...
 INFO::backscatter_hh_retrieval:...DONE
 INFO::backscatter_hh_retrieval:start computation of HH-backscatter Jacobian at x...
 INFO::backscatter_hh_retrieval:...DONE
 INFO::backscatter_hh_retrieval:generated target data file ***backscatter_hh_prior.nc***
 INFO::backscatter_hh_retrieval:generated target data file ***backscatter_hh_post.nc***
 INFO::runua:...HH-backscatter processing DONE
 INFO::runua:start target FAPAR processing...
 INFO::fapar_retrieval:start computation of FAPAR at prior...
 INFO::fapar_retrieval:...DONE
 INFO::fapar_retrieval:start computation of FAPAR at x...
 INFO::fapar_retrieval:...DONE
 INFO::fapar_retrieval:start computation of FAPAR Jacobian at x...
 INFO::fapar_retrieval:...DONE
 INFO::fapar_retrieval:generated target data file ***fapar_prior.nc***
 INFO::fapar_retrieval:generated target data file ***fapar_post.nc***
 INFO::runua:...FAPAR processing DONE
