 INFO::retrieval_read_ctl:read settings from file ***retrctl.nml***...
 INFO::retrieval_read_ctl:...reading done.
 INFO::use_prior_term: T
 INFO::use_state_term: T
 INFO::gradient_tolerance: .10000E-04
 INFO::prior_pert: .25000E+00
 INFO::runua:calling initf...
 DEBUG::load_ivgeom:ndims= 2
 INFO::initf:retrieval configuration was read from ***retrconfig.nc***
 DEBUG::initf:ncrd_retrieval_config has finished, yields:npts=  67 npts_s1=  47 npts_s2=   3
 INFO::load_sitenml:successfully read site namelist file ***site.nml***
 INFO::setprior:prior control vector was read from ***retrprior.nc***
 DEBUG::setprior:ncrd_retrieval_prior terminated successfully
 INFO::runua:...done.
 INFO::runua:calling initx...
 INFO::runua:...done.
 INFO::state_model_set:will be setting-up simple state-model of type "mx(i+1)=a(i+1)*x(i) + b(i+1)"
 INFO::state_model_set:reading model configuration from file ***retrmodel.nc***...
 INFO::state_model_set:...reading done.
 INFO::getobs:initial loading of observations...
 INFO::getobs:reading S1 observations from ***obs_s1.nc***
 INFO::ncrd_obs_vector:dataset ---backscatter--- detected fill-value:-99999.00000000
 INFO::ncrd_obs_vector:dataset ---backscatter_unc--- detected fill-value:-99999.00000000
 INFO::ncrd_obs_vector:s1 detected no fill-values
 INFO::ncrd_obs_vector:s1 detected no uncertainthy fill-values
 INFO::getobs:...loading S1 observations done.
 INFO::getobs:reading S2 observations from ***obs_s2.nc***
 INFO::ncrd_obs_vector:dataset ---brf--- detected fill-value:-99999.00000000
 INFO::ncrd_obs_vector:dataset ---brf_unc--- detected fill-value:-99999.00000000
 INFO::ncrd_obs_vector:s2 detected no fill-values
 INFO::ncrd_obs_vector:s2 detected no uncertainthy fill-values
 INFO::getobs:...loading observations done.
 INFO::getobs:...initial loading done
 
 INFO::ua:SVD done with ierr =          0
 
#
#       i          Prior Sigma          Post Sigma       Unc. Red. [%]
#
        1         0.100000E+00        0.330750E-01            66.92503
        2         0.100000E+00        0.337374E-01            66.26262
        3         0.500000E+01        0.134388E+01            73.12232
        4         0.200000E+01        0.111917E+01            44.04160
        5         0.200000E+00        0.134379E+00            32.81059
        6         0.500000E+01        0.119785E+01            76.04297
        7         0.200000E+01        0.984549E+00            50.77253
        8         0.200000E+00        0.118342E+00            40.82897
        9         0.500000E+01        0.112032E+01            77.59363
       10         0.200000E+01        0.924684E+00            53.76578
       11         0.200000E+00        0.124681E+00            37.65966
       12         0.500000E+01        0.109706E+01            78.05876
       13         0.200000E+01        0.906133E+00            54.69337
       14         0.200000E+00        0.124085E+00            37.95767
       15         0.500000E+01        0.109090E+01            78.18198
       16         0.200000E+01        0.893736E+00            55.31321
       17         0.200000E+00        0.114015E+00            42.99240
       18         0.500000E+01        0.116466E+01            76.70681
       19         0.200000E+01        0.935986E+00            53.20071
       20         0.200000E+00        0.142401E+00            28.79930
       21         0.500000E+01        0.107296E+01            78.54072
       22         0.200000E+01        0.873907E+00            56.30464
       23         0.200000E+00        0.122107E+00            38.94635
       24         0.500000E+01        0.119875E+01            76.02491
       25         0.200000E+01        0.942615E+00            52.86923
       26         0.200000E+00        0.156118E+00            21.94125
       27         0.500000E+01        0.119966E+01            76.00673
       28         0.200000E+01        0.942576E+00            52.87121
       29         0.200000E+00        0.155991E+00            22.00473
       30         0.500000E+01        0.107617E+01            78.47657
       31         0.200000E+01        0.873734E+00            56.31332
       32         0.200000E+00        0.120827E+00            39.58644
       33         0.500000E+01        0.116515E+01            76.69692
       34         0.200000E+01        0.931083E+00            53.44585
       35         0.200000E+00        0.142273E+00            28.86343
       36         0.500000E+01        0.109150E+01            78.16996
       37         0.200000E+01        0.879660E+00            56.01702
       38         0.200000E+00        0.113106E+00            43.44705
       39         0.500000E+01        0.120883E+01            75.82346
       40         0.200000E+01        0.944208E+00            52.78959
       41         0.200000E+00        0.155235E+00            22.38246
       42         0.500000E+01        0.120809E+01            75.83830
       43         0.200000E+01        0.944067E+00            52.79665
       44         0.200000E+00        0.155373E+00            22.31359
       45         0.500000E+01        0.108890E+01            78.22196
       46         0.200000E+01        0.879044E+00            56.04779
       47         0.200000E+00        0.114581E+00            42.70969
       48         0.500000E+01        0.116297E+01            76.74051
       49         0.200000E+01        0.930486E+00            53.47571
       50         0.200000E+00        0.142555E+00            28.72272
       51         0.500000E+01        0.107233E+01            78.55343
       52         0.200000E+01        0.870561E+00            56.47194
       53         0.200000E+00        0.123077E+00            38.46172
       54         0.500000E+01        0.122388E+01            75.52240
       55         0.200000E+01        0.944481E+00            52.77593
       56         0.200000E+00        0.144886E+00            27.55698
       57         0.500000E+01        0.127016E+01            74.59673
       58         0.200000E+01        0.962060E+00            51.89700
       59         0.200000E+00        0.158507E+00            20.74652
       60         0.500000E+01        0.123079E+01            75.38421
       61         0.200000E+01        0.945531E+00            52.72347
       62         0.200000E+00        0.156174E+00            21.91320
       63         0.500000E+01        0.108929E+01            78.21423
       64         0.200000E+01        0.874042E+00            56.29789
       65         0.200000E+00        0.123409E+00            38.29559
       66         0.500000E+01        0.120852E+01            75.82958
       67         0.200000E+01        0.942822E+00            52.85891
       68         0.200000E+00        0.156363E+00            21.81827
       69         0.500000E+01        0.120987E+01            75.80266
       70         0.200000E+01        0.945202E+00            52.73992
       71         0.200000E+00        0.175777E+00            12.11161
       72         0.500000E+01        0.109400E+01            78.11996
       73         0.200000E+01        0.884422E+00            55.77890
       74         0.200000E+00        0.119266E+00            40.36696
       75         0.500000E+01        0.106745E+01            78.65101
       76         0.200000E+01        0.876601E+00            56.16995
       77         0.200000E+00        0.124913E+00            37.54332
       78         0.500000E+01        0.107916E+01            78.41675
       79         0.200000E+01        0.884460E+00            55.77701
       80         0.200000E+00        0.127554E+00            36.22298
       81         0.500000E+01        0.115645E+01            76.87094
       82         0.200000E+01        0.932547E+00            53.37265
       83         0.200000E+00        0.155328E+00            22.33589
       84         0.500000E+01        0.107043E+01            78.59135
       85         0.200000E+01        0.879044E+00            56.04782
       86         0.200000E+00        0.111889E+00            44.05535
       87         0.500000E+01        0.105756E+01            78.84875
       88         0.200000E+01        0.875725E+00            56.21377
       89         0.200000E+00        0.122656E+00            38.67222
       90         0.500000E+01        0.106621E+01            78.67575
       91         0.200000E+01        0.882769E+00            55.86155
       92         0.200000E+00        0.123504E+00            38.24812
       93         0.500000E+01        0.107417E+01            78.51661
       94         0.200000E+01        0.882016E+00            55.89922
       95         0.200000E+00        0.114676E+00            42.66180
       96         0.500000E+01        0.115449E+01            76.91024
       97         0.200000E+01        0.932526E+00            53.37371
       98         0.200000E+00        0.142491E+00            28.75430
       99         0.500000E+01        0.106386E+01            78.72278
      100         0.200000E+01        0.876694E+00            56.16531
      101         0.200000E+00        0.122548E+00            38.72617
      102         0.500000E+01        0.106590E+01            78.68204
      103         0.200000E+01        0.882656E+00            55.86718
      104         0.200000E+00        0.123834E+00            38.08290
      105         0.500000E+01        0.106840E+01            78.63192
      106         0.200000E+01        0.882661E+00            55.86697
      107         0.200000E+00        0.113898E+00            43.05117
      108         0.500000E+01        0.105931E+01            78.81378
      109         0.200000E+01        0.876060E+00            56.19702
      110         0.200000E+00        0.123499E+00            38.25044
      111         0.500000E+01        0.107727E+01            78.45459
      112         0.200000E+01        0.884018E+00            55.79912
      113         0.200000E+00        0.127024E+00            36.48779
      114         0.500000E+01        0.115869E+01            76.82612
      115         0.200000E+01        0.932895E+00            53.35526
      116         0.200000E+00        0.175596E+00            12.20223
      117         0.500000E+01        0.108067E+01            78.38650
      118         0.200000E+01        0.883642E+00            55.81790
      119         0.200000E+00        0.117283E+00            41.35867
      120         0.500000E+01        0.105932E+01            78.81350
      121         0.200000E+01        0.875882E+00            56.20588
      122         0.200000E+00        0.123945E+00            38.02761
      123         0.500000E+01        0.106398E+01            78.72036
      124         0.200000E+01        0.882840E+00            55.85799
      125         0.200000E+00        0.123601E+00            38.19968
      126         0.500000E+01        0.106676E+01            78.66489
      127         0.200000E+01        0.883197E+00            55.84017
      128         0.200000E+00        0.112787E+00            43.60663
      129         0.500000E+01        0.105448E+01            78.91045
      130         0.200000E+01        0.875262E+00            56.23688
      131         0.200000E+00        0.124166E+00            37.91720
      132         0.500000E+01        0.107253E+01            78.54942
      133         0.200000E+01        0.884119E+00            55.79404
      134         0.200000E+00        0.126847E+00            36.57671
      135         0.500000E+01        0.114918E+01            77.01639
      136         0.200000E+01        0.932208E+00            53.38959
      137         0.200000E+00        0.155332E+00            22.33381
      138         0.500000E+01        0.105964E+01            78.80727
      139         0.200000E+01        0.878232E+00            56.08841
      140         0.200000E+00        0.112052E+00            43.97414
      141         0.500000E+01        0.104003E+01            79.19936
      142         0.200000E+01        0.873676E+00            56.31620
      143         0.200000E+00        0.123062E+00            38.46894
      144         0.500000E+01        0.103794E+01            79.24118
      145         0.200000E+01        0.879312E+00            56.03439
      146         0.200000E+00        0.123428E+00            38.28598
      147         0.500000E+01        0.102275E+01            79.54501
      148         0.200000E+01        0.874638E+00            56.26809
      149         0.200000E+00        0.113664E+00            43.16811
      150         0.500000E+01        0.978319E+00            80.43361
      151         0.200000E+01        0.856479E+00            57.17605
      152         0.200000E+00        0.122887E+00            38.55666
      153         0.500000E+01        0.914901E+00            81.70198
      154         0.200000E+01        0.840732E+00            57.96341
      155         0.200000E+00        0.119515E+00            40.24255
      156         0.500000E+01        0.832347E+00            83.35306
      157         0.200000E+01        0.885594E+00            55.72030
      158         0.200000E+00        0.155056E+00            22.47204
      159         0.500000E+01        0.474659E-01            99.05068
      160         0.200000E+01        0.794828E+00            60.25859
      161         0.200000E+00        0.762285E-01            61.88575
      162         0.500000E+01        0.768986E+00            84.62028
      163         0.200000E+01        0.785256E+00            60.73722
      164         0.200000E+00        0.102176E+00            48.91202
      165         0.500000E+01        0.900865E+00            81.98270
      166         0.200000E+01        0.835325E+00            58.23377
      167         0.200000E+00        0.119546E+00            40.22687
      168         0.500000E+01        0.958002E+00            80.83995
      169         0.200000E+01        0.860588E+00            56.97062
      170         0.200000E+00        0.123016E+00            38.49180
      171         0.500000E+01        0.960266E+00            80.79467
      172         0.200000E+01        0.860790E+00            56.96048
      173         0.200000E+00        0.112972E+00            43.51421
      174         0.500000E+01        0.902982E+00            81.94036
      175         0.200000E+01        0.833970E+00            58.30149
      176         0.200000E+00        0.120936E+00            39.53214
      177         0.500000E+01        0.761869E+00            84.76262
      178         0.200000E+01        0.780338E+00            60.98310
      179         0.200000E+00        0.109152E+00            45.42414
      180         0.500000E+01        0.470772E-01            99.05846
      181         0.200000E+01        0.767568E+00            61.62158
      182         0.200000E+00        0.741384E-01            62.93079
      183         0.500000E+01        0.641625E+00            87.16750
      184         0.200000E+01        0.734478E+00            63.27612
      185         0.200000E+00        0.102017E+00            48.99144
      186         0.500000E+01        0.488250E-01            99.02350
      187         0.200000E+01        0.704411E+00            64.77947
      188         0.200000E+00        0.779808E-01            61.00959
      189         0.500000E+01        0.769155E+00            84.61690
      190         0.200000E+01        0.767956E+00            61.60222
      191         0.200000E+00        0.111269E+00            44.36536
      192         0.500000E+01        0.944979E+00            81.10041
      193         0.200000E+01        0.854056E+00            57.29718
      194         0.200000E+00        0.121956E+00            39.02183
      195         0.500000E+01        0.104354E+01            79.12918
      196         0.200000E+01        0.904449E+00            54.77755
      197         0.200000E+00        0.113946E+00            43.02685
      198         0.500000E+01        0.112443E+01            77.51142
      199         0.200000E+01        0.963951E+00            51.80245
      200         0.200000E+00        0.126697E+00            36.65132
      201         0.500000E+01        0.128503E+01            74.29935
      202         0.200000E+01        0.110428E+01            44.78576
      203         0.200000E+00        0.145477E+00            27.26157
 INFO::finishdf:resulting file ***controlvector_prior.nc*** successfully written.
 INFO::finishdf:resulting file ***controlvector_post.nc*** successfully written.
 
       Extreme off diagonal correlations
            Min/Max                 value    i    j
                Min              -0.26978  161  160
                Max               0.38462    7    4
 
 INFO::runua:start target HH-backscatter processing...
 INFO::backscatter_hh_retrieval:start computation of HH-backscatter at prior...
 INFO::backscatter_hh_retrieval:...DONE
 INFO::backscatter_hh_retrieval:start computation of HH-backscatter at x...
 INFO::backscatter_hh_retrieval:...DONE
 INFO::backscatter_hh_retrieval:start computation of HH-backscatter Jacobian at x...
 INFO::backscatter_hh_retrieval:...DONE
 INFO::backscatter_hh_retrieval:generated target data file ***backscatter_hh_prior.nc***
 INFO::backscatter_hh_retrieval:generated target data file ***backscatter_hh_post.nc***
 INFO::runua:...HH-backscatter processing DONE
 INFO::runua:start target FAPAR processing...
 INFO::fapar_retrieval:start computation of FAPAR at prior...
 INFO::fapar_retrieval:...DONE
 INFO::fapar_retrieval:start computation of FAPAR at x...
 INFO::fapar_retrieval:...DONE
 INFO::fapar_retrieval:start computation of FAPAR Jacobian at x...
 INFO::fapar_retrieval:...DONE
 INFO::fapar_retrieval:generated target data file ***fapar_prior.nc***
 INFO::fapar_retrieval:generated target data file ***fapar_post.nc***
 INFO::runua:...FAPAR processing DONE
