2019-04-03 08:52:45,484 INFO::<module>:: rs_pre.py::PROGRAM START::2019-04-03T08:52:45.484300
2019-04-03 08:52:45,484 INFO::<module>:: command-line: bin/rs_pre.py pre_synthetic --time_start 20170501 --time_end 20170531 --target_schedule input/target_schedule_2017.txt --mission_lst S1A S1B S2A S2B
2019-04-03 08:52:45,487 INFO::main:: user selection +++pre_synthetic+++
2019-04-03 08:52:45,487 INFO::pre_synthetic:: 'site.nml' was created as copy of Wallerfing default namelist file ***/home/prs/.local/lib/python2.7/site-packages/signaturesimulator/site.nml***
2019-04-03 08:52:45,487 INFO::pre_synthetic:: START reading namelist ***site.nml***...
2019-04-03 08:52:45,488 INFO::pre_synthetic:: ...reading DONE
2019-04-03 08:52:45,490 INFO::pre_synthetic:: operating for temporal range 2017-05-01T00:00:00 - 2017-05-31T23:59:59 (num_days=30)
2019-04-03 08:52:45,490 INFO::pre_synthetic:: selected mission_lst: ['S1A', 'S1B', 'S2A', 'S2B']
2019-04-03 08:52:45,496 INFO::load_obs_csv:: observation data loaded from file ***/home/prs/esa_demo_pre2/tool_intro/example_synthetic/input/mni_s1_508_med_2017.csv***
2019-04-03 08:52:45,498 INFO::load_obs_csv:: detected ntimepts=177 #columns=10 in csv file
2019-04-03 08:52:45,498 INFO::load_obs_csv:: start reading S1 observations...
2019-04-03 08:52:45,499 INFO::load_obs_csv:: observation data loaded from file ***/home/prs/esa_demo_pre2/tool_intro/example_synthetic/input/mni_s2_508_med_2017.csv***
2019-04-03 08:52:45,500 INFO::load_obs_csv:: detected ntimepts=21 #columns=21 in csv file
2019-04-03 08:52:45,500 INFO::load_obs_csv:: start reading S2 observations...
2019-04-03 08:52:45,500 INFO::_read_target_schedule:: target schedule will be read from file ***input/target_schedule_2017.txt***
2019-04-03 08:52:45,500 INFO::_read_target_schedule:: ...reading target schedule DONE (nxtgt=11)
2019-04-03 08:52:45,500 INFO::setup_common_schedule:: determined ntpts=30
2019-04-03 08:52:45,500 INFO::setup_common_schedule:: common schedule yields time-points  S1A=10 S1B=7 S2A=2 S2B=0 other=11
2019-04-03 08:52:45,501 INFO::set_prior_priorunc_synthetic:: START reading state variables from file ***/home/prs/esa_demo_pre2/tool_intro/example_synthetic/input/mni_stat_jules_2017.csv***...
2019-04-03 08:52:45,509 INFO::set_prior_priorunc_synthetic:: ...reading DONE
2019-04-03 08:52:45,521 INFO::_set_priorunc:: applied relative uncertainty 1.0 on lai coefficients.
2019-04-03 08:52:45,521 INFO::_set_priorunc:: applied relative uncertainty on state vector components, lai_relunc=0.5 canht_relunc=0.5 sm_relunc=0.5
2019-04-03 08:52:45,521 INFO::_set_priorunc:: uncertainty floor values were applied as follows: lai_uncfloor=0.001 canht_uncfloor=0.001 sm_uncfloor=0.001
2019-04-03 08:52:45,522 INFO::set_dynmodel:: Applying default values on dynamical model uncertainties.
2019-04-03 08:52:45,522 INFO::ncwrt_retrieval_config:: Start writing configuration file ***retrconfig.nc***...
2019-04-03 08:52:45,527 INFO::ncwrt_retrieval_config:: ...writing ***retrconfig.nc*** DONE
2019-04-03 08:52:45,527 INFO::ncwrt_retrieval_prior:: Start writing configuration file ***retrprior.nc***...
2019-04-03 08:52:45,534 INFO::ncwrt_retrieval_prior:: ...writing ***retrprior.nc*** DONE
2019-04-03 08:52:45,535 INFO::ncwrt_retrieval_model:: Start writing configuration file ***retrmodel.nc***...
2019-04-03 08:52:45,542 INFO::ncwrt_retrieval_model:: ...writing ***retrmodel.nc*** DONE
2019-04-03 08:52:45,542 INFO::wrt_nml_retrieval_control:: Start writing configuration file ***retrctl.nml***...
2019-04-03 08:52:45,542 INFO::wrt_nml_retrieval_control:: ...writing ***retrctl.nml*** DONE
2019-04-03 08:52:45,542 INFO::wrt_nml_controlvector_bounds:: Start writing configuration file ***retrctlvecbounds.nml***...
2019-04-03 08:52:45,542 INFO::wrt_nml_controlvector_bounds:: ...writing ***retrctlvecbounds.nml*** DONE
