 INFO::retrieval_read_ctl:read settings from file ***retrctl.nml***...
 INFO::retrieval_read_ctl:...reading done.
 INFO::use_prior_term: T
 INFO::use_state_term: T
 INFO::gradient_tolerance: .10000E-04
 INFO::prior_pert: .25000E+00
 INFO::runretrieval:will apply relative perturbation of prior with pert=  0.25
 INFO::runretrieval:calling initf...
 DEBUG::load_ivgeom:ndims= 2
 INFO::initf:retrieval configuration was read from ***retrconfig.nc***
 DEBUG::initf:ncrd_retrieval_config has finished, yields:npts=  30 npts_s1=  17 npts_s2=   2
 INFO::load_sitenml:successfully read site namelist file ***site.nml***
 INFO::setprior:prior control vector was read from ***retrprior.nc***
 DEBUG::setprior:ncrd_retrieval_prior terminated successfully
 INFO::runretrieval:...done.
 DEBUG::runretrieval:initf yields:n= 92 mf= 60
 INFO::runretrieval:calling initx...
 INFO::runretrieval:...done.
 INFO::state_model_set:will be setting-up simple state-model of type "mx(i+1)=a(i+1)*x(i) + b(i+1)"
 INFO::state_model_set:reading model configuration from file ***retrmodel.nc***...
 INFO::state_model_set:...reading done.
 INFO::runretrieval:start optimise...
 INFO::optimise:load control vector boundary settings by calling initb...
 INFO::initb:bounds were read from file ***retrctlvecbounds.nml***
 INFO::initb:applying bounds: lai_coeff_lobound=    0.000 lai_coeff_hibound=    1.000
 INFO::initb:applying bounds: lai_lobound=    0.001 lai_hibound=   10.000
 INFO::initb:applying bounds: canht_lobound=    0.001 canht_hibound=    4.500
 INFO::initb:applying bounds: sm_lobound=    0.001 sm_hibound=    0.500
 INFO::optimise:...done.
 INFO::optimise:start optimiser...
RUNNING THE L-BFGS-B CODE

           * * *

Machine precision = 2.220D-16
 N =           92     M =            5

At X0         0 variables are exactly at the bounds
 INFO::getobs:initial loading of observations...
 INFO::getobs:reading S1 observations from ***obs_s1.nc***
 INFO::ncrd_obs_vector:dataset ---backscatter--- detected fill-value:-99999.00000000
 INFO::ncrd_obs_vector:dataset ---backscatter_unc--- detected fill-value:-99999.00000000
 INFO::ncrd_obs_vector:s1 detected no fill-values
 INFO::ncrd_obs_vector:s1 detected no uncertainthy fill-values
 INFO::getobs:...loading S1 observations done.
 INFO::getobs:reading S2 observations from ***obs_s2.nc***
 INFO::ncrd_obs_vector:dataset ---brf--- detected fill-value:-99999.00000000
 INFO::ncrd_obs_vector:dataset ---brf_unc--- detected fill-value:-99999.00000000
 INFO::ncrd_obs_vector:s2 detected no fill-values
 INFO::ncrd_obs_vector:s2 detected no uncertainthy fill-values
 INFO::getobs:...loading observations done.
 INFO::getobs:...initial loading done

At iterate    0    f=  8.36339D+01    |proj g|=  8.56239D+00

At iterate    1    f=  2.18996D+01    |proj g|=  2.22386D+00

At iterate    2    f=  8.87493D+00    |proj g|=  1.62607D+00

At iterate    3    f=  8.07128D+00    |proj g|=  1.49258D+00

At iterate    4    f=  6.80531D+00    |proj g|=  1.50264D+00

At iterate    5    f=  4.31424D+00    |proj g|=  2.07457D+00

At iterate    6    f=  1.54046D+00    |proj g|=  2.07501D+00

At iterate    7    f=  1.13407D+00    |proj g|=  2.09714D+00

At iterate    8    f=  2.93132D-01    |proj g|=  9.95756D-01

At iterate    9    f=  1.54802D-01    |proj g|=  5.75304D-01

At iterate   10    f=  1.28478D-01    |proj g|=  4.74200D-01

At iterate   11    f=  8.35513D-02    |proj g|=  3.45311D-01

At iterate   12    f=  4.28309D-02    |proj g|=  4.93997D-01

At iterate   13    f=  3.10263D-02    |proj g|=  1.56684D-01

At iterate   14    f=  2.70182D-02    |proj g|=  1.33474D-01

At iterate   15    f=  2.49276D-02    |proj g|=  1.00470D-01

At iterate   16    f=  2.22590D-02    |proj g|=  7.14983D-02

At iterate   17    f=  1.91262D-02    |proj g|=  6.12709D-02

At iterate   18    f=  1.86450D-02    |proj g|=  3.00585D-02

At iterate   19    f=  1.84283D-02    |proj g|=  1.91615D-02

At iterate   20    f=  1.82578D-02    |proj g|=  1.98041D-02

At iterate   21    f=  1.80469D-02    |proj g|=  1.67977D-02

At iterate   22    f=  1.80012D-02    |proj g|=  3.01035D-02

At iterate   23    f=  1.79539D-02    |proj g|=  1.01300D-02

At iterate   24    f=  1.79290D-02    |proj g|=  8.89931D-03

At iterate   25    f=  1.79114D-02    |proj g|=  6.45585D-03

At iterate   26    f=  1.79063D-02    |proj g|=  6.21819D-03

At iterate   27    f=  1.79012D-02    |proj g|=  2.79872D-03

At iterate   28    f=  1.78996D-02    |proj g|=  1.83809D-03

At iterate   29    f=  1.78986D-02    |proj g|=  1.70376D-03

At iterate   30    f=  1.78982D-02    |proj g|=  1.19318D-03

At iterate   31    f=  1.78980D-02    |proj g|=  8.28864D-04

At iterate   32    f=  1.78978D-02    |proj g|=  6.60297D-04

At iterate   33    f=  1.78976D-02    |proj g|=  1.20796D-03

At iterate   34    f=  1.78975D-02    |proj g|=  1.03516D-03

At iterate   35    f=  1.78974D-02    |proj g|=  1.85058D-04

At iterate   36    f=  1.78974D-02    |proj g|=  1.49455D-04

At iterate   37    f=  1.78974D-02    |proj g|=  2.33192D-04

At iterate   38    f=  1.78974D-02    |proj g|=  9.72969D-05

At iterate   39    f=  1.78974D-02    |proj g|=  9.33369D-05

At iterate   40    f=  1.78974D-02    |proj g|=  1.29715D-04

At iterate   41    f=  1.78974D-02    |proj g|=  2.72267D-05

At iterate   42    f=  1.78974D-02    |proj g|=  2.26497D-05

At iterate   43    f=  1.78974D-02    |proj g|=  3.87005D-05

At iterate   44    f=  1.78974D-02    |proj g|=  1.57018D-05

At iterate   45    f=  1.78974D-02    |proj g|=  5.31081D-05

At iterate   46    f=  1.78974D-02    |proj g|=  1.31733D-05

At iterate   47    f=  1.78974D-02    |proj g|=  1.01628D-05

At iterate   48    f=  1.78974D-02    |proj g|=  7.70607D-06

           * * *

Tit   = total number of iterations
Tnf   = total number of function evaluations
Tnint = total number of segments explored during Cauchy searches
Skip  = number of BFGS updates skipped
Nact  = number of active bounds at final generalized Cauchy point
Projg = norm of the final projected gradient
F     = final function value

           * * *

   N    Tit     Tnf  Tnint  Skip  Nact     Projg        F
   92     48     57     69     0     0   7.706D-06   1.790D-02
  F =   1.7897412000425317E-002

CONVERGENCE: NORM_OF_PROJECTED_GRADIENT_<=_PGTOL            

 Cauchy                time 4.390E-04 seconds.
 Subspace minimization time 5.540E-04 seconds.
 Line search           time 5.643E+01 seconds.

 Total User time 5.744E+01 seconds.

 INFO::optimise:...optimiser finished.
 INFO::runretrieval:...optimise DONE
 INFO::runretrieval::opti_succeed: T
 
        i                Prior           Posterior          Change [%]
 
        1         0.100000E+00        0.100076E+00             0.07596
        2         0.100000E+00        0.100043E+00             0.04281
        3         0.284149E-02        0.284150E-02             0.00029
        4         0.134284E-01        0.134294E-01             0.00743
        5         0.284560E+00        0.284567E+00             0.00249
        6         0.627885E-02        0.627883E-02            -0.00021
        7         0.354172E-01        0.354135E-01            -0.01036
        8         0.288013E+00        0.287985E+00            -0.00979
        9         0.824974E-02        0.824985E-02             0.00135
       10         0.456576E-01        0.456765E-01             0.04152
       11         0.285549E+00        0.285567E+00             0.00607
       12         0.164482E-01        0.164487E-01             0.00291
       13         0.922203E-01        0.922506E-01             0.03286
       14         0.283701E+00        0.283697E+00            -0.00149
       15         0.316848E-01        0.316811E-01            -0.01191
       16         0.153426E+00        0.153071E+00            -0.23145
       17         0.279791E+00        0.279797E+00             0.00233
       18         0.316848E-01        0.316862E-01             0.00431
       19         0.153426E+00        0.153508E+00             0.05382
       20         0.279791E+00        0.279718E+00            -0.02606
       21         0.370780E-01        0.370762E-01            -0.00490
       22         0.168066E+00        0.167966E+00            -0.05971
       23         0.279405E+00        0.279407E+00             0.00087
       24         0.370780E-01        0.370803E-01             0.00629
       25         0.168066E+00        0.168191E+00             0.07415
       26         0.279405E+00        0.279387E+00            -0.00639
       27         0.438219E-01        0.438224E-01             0.00112
       28         0.186028E+00        0.186053E+00             0.01339
       29         0.279607E+00        0.279077E+00            -0.18945
       30         0.515501E-01        0.515454E-01            -0.00899
       31         0.207002E+00        0.206787E+00            -0.10412
       32         0.277284E+00        0.277306E+00             0.00790
       33         0.515501E-01        0.515554E-01             0.01045
       34         0.207002E+00        0.207217E+00             0.10347
       35         0.277284E+00        0.278284E+00             0.36083
       36         0.596475E-01        0.596393E-01            -0.01372
       37         0.227896E+00        0.227633E+00            -0.11543
       38         0.282554E+00        0.282518E+00            -0.01270
       39         0.596475E-01        0.596544E-01             0.01169
       40         0.227896E+00        0.228084E+00             0.08276
       41         0.282554E+00        0.282435E+00            -0.04193
       42         0.674796E-01        0.674808E-01             0.00173
       43         0.243037E+00        0.243054E+00             0.00706
       44         0.281718E+00        0.280621E+00            -0.38935
       45         0.763167E-01        0.763054E-01            -0.01473
       46         0.259437E+00        0.259180E+00            -0.09896
       47         0.276685E+00        0.276712E+00             0.00992
       48         0.763167E-01        0.763320E-01             0.02003
       49         0.259437E+00        0.259727E+00             0.11208
       50         0.276685E+00        0.276413E+00            -0.09819
       51         0.868518E-01        0.868328E-01            -0.02184
       52         0.277886E+00        0.277551E+00            -0.12059
       53         0.275220E+00        0.275228E+00             0.00292
       54         0.868518E-01        0.868519E-01             0.00013
       55         0.277886E+00        0.277886E+00            -0.00024
       56         0.275220E+00        0.275221E+00             0.00016
       57         0.868518E-01        0.868733E-01             0.02481
       58         0.277886E+00        0.278241E+00             0.12758
       59         0.275220E+00        0.275240E+00             0.00734
       60         0.983019E-01        0.983050E-01             0.00315
       61         0.296945E+00        0.296960E+00             0.00495
       62         0.274280E+00        0.275586E+00             0.47606
       63         0.111045E+00        0.111000E+00            -0.03983
       64         0.316820E+00        0.316342E+00            -0.15083
       65         0.280051E+00        0.280011E+00            -0.01397
       66         0.111045E+00        0.111085E+00             0.03594
       67         0.316820E+00        0.317288E+00             0.14776
       68         0.280051E+00        0.280163E+00             0.04024
       69         0.124032E+00        0.124098E+00             0.05315
       70         0.336272E+00        0.336885E+00             0.18215
       71         0.282465E+00        0.282209E+00            -0.09080
       72         0.154317E+00        0.154238E+00            -0.05097
       73         0.378754E+00        0.378145E+00            -0.16086
       74         0.281059E+00        0.281039E+00            -0.00707
       75         0.171733E+00        0.171905E+00             0.09983
       76         0.401708E+00        0.402715E+00             0.25086
       77         0.279056E+00        0.279086E+00             0.01087
       78         0.212330E+00        0.212438E+00             0.05045
       79         0.451786E+00        0.452101E+00             0.06961
       80         0.274418E+00        0.274456E+00             0.01364
       81         0.260815E+00        0.260815E+00             0.00010
       82         0.507735E+00        0.506871E+00            -0.17012
       83         0.281619E+00        0.281643E+00             0.00843
       84         0.284877E+00        0.284945E+00             0.02402
       85         0.536304E+00        0.536533E+00             0.04283
       86         0.277879E+00        0.277904E+00             0.00902
       87         0.310928E+00        0.311648E+00             0.23165
       88         0.567266E+00        0.568973E+00             0.30090
       89         0.275383E+00        0.275482E+00             0.03582
       90         0.369047E+00        0.367198E+00            -0.50108
       91         0.627263E+00        0.622109E+00            -0.82172
       92         0.272323E+00        0.272104E+00            -0.08015
 INFO::writing final control vector to x.b
 INFO::writing prior uncertainty (physical units) to sx.b
 INFO::runretrieval:start uncertainty analysis on state...
 
 INFO::ua:SVD done with ierr =          0
 
 INFO::runretrieval:...uncertainty analysis on state DONE
 
       Extreme off diagonal correlations
            Min/Max                 value    i    j
                Min              -0.60572   83   82
                Max               0.38045   92    1
 
 INFO::finishdf:resulting file ***controlvector_prior.nc*** successfully written.
 INFO::finishdf:resulting file ***controlvector_post.nc*** successfully written.
