 INFO::retrieval_read_ctl:read settings from file ***retrctl.nml***...
 INFO::retrieval_read_ctl:...reading done.
 INFO::use_prior_term: T
 INFO::use_state_term: T
 INFO::gradient_tolerance: .10000E+01
 INFO::prior_pert: .00000E+00
 INFO::runretrieval:will apply relative perturbation of prior with pert=  0.00
 INFO::runretrieval:calling initf...
 DEBUG::load_ivgeom:ndims= 2
 INFO::initf:retrieval configuration was read from ***retrconfig.nc***
 DEBUG::initf:ncrd_retrieval_config has finished, yields:npts=  12 npts_s1=  11 npts_s2=   1
 INFO::load_sitenml:successfully read site namelist file ***site.nml***
 INFO::setprior:prior control vector was read from ***retrprior.nc***
 DEBUG::setprior:ncrd_retrieval_prior terminated successfully
 INFO::runretrieval:...done.
 DEBUG::runretrieval:initf yields:n= 38 mf= 35
 INFO::runretrieval:calling initx...
 INFO::runretrieval:...done.
 INFO::state_model_set:will be setting-up simple state-model of type "mx(i+1)=a(i+1)*x(i) + b(i+1)"
 INFO::state_model_set:reading model configuration from file ***retrmodel.nc***...
 INFO::state_model_set:...reading done.
 INFO::runretrieval:start optimise...
 INFO::optimise:load control vector boundary settings by calling initb...
 INFO::initb:bounds were read from file ***retrctlvecbounds.nml***
 INFO::initb:applying bounds: lai_coeff_lobound=    0.000 lai_coeff_hibound=    1.000
 INFO::initb:applying bounds: lai_lobound=    0.001 lai_hibound=   10.000
 INFO::initb:applying bounds: canht_lobound=    0.001 canht_hibound=    4.500
 INFO::initb:applying bounds: sm_lobound=    0.001 sm_hibound=    0.500
 INFO::optimise:...done.
 INFO::optimise:start optimiser...
RUNNING THE L-BFGS-B CODE

           * * *

Machine precision = 2.220D-16
 N =           38     M =            5

At X0         0 variables are exactly at the bounds
 INFO::getobs:initial loading of observations...
 INFO::getobs:reading S1 observations from ***obs_s1.nc***
 INFO::ncrd_obs_vector:dataset ---backscatter--- detected fill-value:-99999.00000000
 INFO::ncrd_obs_vector:dataset ---backscatter_unc--- detected fill-value:-99999.00000000
 INFO::ncrd_obs_vector:s1 detected data fill-values:      11
 INFO::ncrd_obs_vector:s1 detected no uncertainthy fill-values
 INFO::getobs:...loading S1 observations done.
 INFO::getobs:reading S2 observations from ***obs_s2.nc***
 INFO::ncrd_obs_vector:dataset ---brf--- detected fill-value:-99999.00000000
 INFO::ncrd_obs_vector:dataset ---brf_unc--- detected fill-value:-99999.00000000
 INFO::ncrd_obs_vector:s2 detected data fill-values:       7
 INFO::ncrd_obs_vector:s2 detected unc. fill-values:       7
 INFO::getobs:...loading observations done.
 INFO::getobs:...initial loading done

At iterate    0    f=  8.52810D+01    |proj g|=  2.83333D+00

At iterate    1    f=  8.46617D+01    |proj g|=  2.83682D+00

At iterate    2    f=  6.94503D+01    |proj g|=  2.83971D+00

At iterate    3    f=  5.87600D+01    |proj g|=  3.01997D+00

At iterate    4    f=  5.26882D+01    |proj g|=  3.07292D+00

At iterate    5    f=  4.63912D+01    |proj g|=  3.14029D+00

At iterate    6    f=  4.09573D+01    |proj g|=  3.14312D+00

At iterate    7    f=  3.52654D+01    |proj g|=  3.11830D+00

At iterate    8    f=  3.02648D+01    |proj g|=  3.16101D+00

At iterate    9    f=  2.91113D+01    |proj g|=  3.24988D+00

At iterate   10    f=  2.65627D+01    |proj g|=  3.20728D+00

At iterate   11    f=  2.55560D+01    |proj g|=  3.21601D+00

At iterate   12    f=  2.39390D+01    |proj g|=  3.22770D+00

At iterate   13    f=  2.29632D+01    |proj g|=  3.26236D+00

At iterate   14    f=  2.24804D+01    |proj g|=  3.28350D+00

At iterate   15    f=  2.20415D+01    |proj g|=  3.27983D+00

At iterate   16    f=  2.15907D+01    |proj g|=  3.27709D+00

At iterate   17    f=  2.12290D+01    |proj g|=  3.27238D+00

At iterate   18    f=  2.09399D+01    |proj g|=  3.25705D+00

At iterate   19    f=  2.07268D+01    |proj g|=  3.24735D+00

At iterate   20    f=  2.06138D+01    |proj g|=  3.25203D+00

At iterate   21    f=  2.04670D+01    |proj g|=  3.24123D+00

At iterate   22    f=  2.03482D+01    |proj g|=  3.24419D+00

At iterate   23    f=  2.02763D+01    |proj g|=  3.20511D+00

At iterate   24    f=  2.02422D+01    |proj g|=  1.97084D+00

At iterate   25    f=  2.02022D+01    |proj g|=  2.61360D+00

At iterate   26    f=  2.00578D+01    |proj g|=  3.21601D+00

At iterate   27    f=  1.99346D+01    |proj g|=  3.23219D+00

At iterate   28    f=  1.96821D+01    |proj g|=  3.23391D+00

At iterate   29    f=  1.94076D+01    |proj g|=  3.23436D+00

At iterate   30    f=  1.92310D+01    |proj g|=  3.23722D+00

At iterate   31    f=  1.89249D+01    |proj g|=  3.25865D+00

At iterate   32    f=  1.87476D+01    |proj g|=  3.24894D+00

At iterate   33    f=  1.85592D+01    |proj g|=  3.23506D+00

At iterate   34    f=  1.85208D+01    |proj g|=  2.31092D+00

At iterate   35    f=  1.84788D+01    |proj g|=  2.85971D+00

At iterate   36    f=  1.84352D+01    |proj g|=  3.23538D+00

At iterate   37    f=  1.83899D+01    |proj g|=  2.17896D+00

At iterate   38    f=  1.83700D+01    |proj g|=  1.93019D+00

At iterate   39    f=  1.83534D+01    |proj g|=  1.92747D+00

At iterate   40    f=  1.83215D+01    |proj g|=  3.25023D+00

At iterate   41    f=  1.82793D+01    |proj g|=  2.76576D+00

At iterate   42    f=  1.82442D+01    |proj g|=  1.80200D+00

At iterate   43    f=  1.82186D+01    |proj g|=  3.26647D+00

At iterate   44    f=  1.81913D+01    |proj g|=  2.53405D+00

At iterate   45    f=  1.81598D+01    |proj g|=  2.58508D+00

At iterate   46    f=  1.80382D+01    |proj g|=  3.26026D+00

At iterate   47    f=  1.79681D+01    |proj g|=  3.25856D+00

At iterate   48    f=  1.79239D+01    |proj g|=  2.11290D+00

At iterate   49    f=  1.79053D+01    |proj g|=  1.38994D+00

At iterate   50    f=  1.78926D+01    |proj g|=  1.42032D+00

At iterate   51    f=  1.78795D+01    |proj g|=  1.55806D+00

At iterate   52    f=  1.78702D+01    |proj g|=  2.06687D+00

At iterate   53    f=  1.78634D+01    |proj g|=  1.02642D+00

At iterate   54    f=  1.78541D+01    |proj g|=  1.34660D+00

At iterate   55    f=  1.78467D+01    |proj g|=  1.65919D+00

At iterate   56    f=  1.78404D+01    |proj g|=  1.04454D+00

At iterate   57    f=  1.78376D+01    |proj g|=  4.51205D-01

           * * *

Tit   = total number of iterations
Tnf   = total number of function evaluations
Tnint = total number of segments explored during Cauchy searches
Skip  = number of BFGS updates skipped
Nact  = number of active bounds at final generalized Cauchy point
Projg = norm of the final projected gradient
F     = final function value

           * * *

   N    Tit     Tnf  Tnint  Skip  Nact     Projg        F
   38     57     60     69     0     0   4.512D-01   1.784D+01
  F =   17.837552568686650     

CONVERGENCE: NORM_OF_PROJECTED_GRADIENT_<=_PGTOL            

 Cauchy                time 1.000E-03 seconds.
 Subspace minimization time 3.000E-03 seconds.
 Line search           time 6.094E+01 seconds.

 Total User time 6.200E+01 seconds.

 INFO::optimise:...optimiser finished.
 INFO::runretrieval:...optimise DONE
 INFO::runretrieval::opti_succeed: T
 
        i                Prior           Posterior          Change [%]
 
        1         0.990000E-01        0.990064E-01             0.00642
        2         0.990000E-01        0.990064E-01             0.00642
        3         0.150000E+01        0.224183E+00           -85.05448
        4         0.150000E+01        0.150079E+01             0.05246
        5         0.300000E+00        0.265592E+00           -11.46930
        6         0.150000E+01        0.214844E+00           -85.67708
        7         0.150000E+01        0.149931E+01            -0.04572
        8         0.300000E+00        0.267501E+00           -10.83306
        9         0.150000E+01        0.211061E+00           -85.92929
       10         0.150000E+01        0.149933E+01            -0.04436
       11         0.300000E+00        0.240756E+00           -19.74793
       12         0.150000E+01        0.210968E+00           -85.93548
       13         0.150000E+01        0.150165E+01             0.11012
       14         0.300000E+00        0.235693E+00           -21.43566
       15         0.150000E+01        0.197864E+00           -86.80908
       16         0.150000E+01        0.150189E+01             0.12567
       17         0.300000E+00        0.224110E+00           -25.29663
       18         0.150000E+01        0.244194E+00           -83.72037
       19         0.150000E+01        0.150630E+01             0.42012
       20         0.300000E+00        0.211476E+00           -29.50798
       21         0.150000E+01        0.252016E+00           -83.19892
       22         0.150000E+01        0.150028E+01             0.01861
       23         0.300000E+00        0.216146E+00           -27.95117
       24         0.150000E+01        0.261002E+00           -82.59984
       25         0.150000E+01        0.149921E+01            -0.05251
       26         0.300000E+00        0.252625E+00           -15.79179
       27         0.150000E+01        0.276645E+00           -81.55697
       28         0.150000E+01        0.150227E+01             0.15156
       29         0.300000E+00        0.253251E+00           -15.58316
       30         0.150000E+01        0.273049E+00           -81.79675
       31         0.150000E+01        0.149920E+01            -0.05303
       32         0.300000E+00        0.258484E+00           -13.83866
       33         0.150000E+01        0.275150E+00           -81.65668
       34         0.150000E+01        0.149914E+01            -0.05722
       35         0.300000E+00        0.281058E+00            -6.31404
       36         0.150000E+01        0.282244E+00           -81.18376
       37         0.150000E+01        0.150065E+01             0.04336
       38         0.300000E+00        0.279575E+00            -6.80839
 INFO::writing final control vector to x.b
 INFO::writing prior uncertainty (physical units) to sx.b
 INFO::runretrieval:start uncertainty analysis on state...
 
 INFO::ua:SVD done with ierr =          0
 
 INFO::runretrieval:...uncertainty analysis on state DONE
 
       Extreme off diagonal correlations
            Min/Max                 value    i    j
                Min              -0.00173   30   28
                Max               0.36685   38   35
 
 INFO::finishdf:resulting file ***controlvector_prior.nc*** successfully written.
 INFO::finishdf:resulting file ***controlvector_post.nc*** successfully written.
