 INFO::retrieval_read_ctl:read settings from file ***retrctl.nml***...
 INFO::retrieval_read_ctl:...reading done.
 INFO::use_prior_term: T
 INFO::use_state_term: T
 INFO::gradient_tolerance: .10000E+01
 INFO::prior_pert: .00000E+00
 INFO::runretrieval:will apply relative perturbation of prior with pert=  0.00
 INFO::runretrieval:calling initf...
 DEBUG::load_ivgeom:ndims= 2
 INFO::initf:retrieval configuration was read from ***retrconfig.nc***
 DEBUG::initf:ncrd_retrieval_config has finished, yields:npts=   9 npts_s1=   8 npts_s2=   1
 INFO::load_sitenml:successfully read site namelist file ***site.nml***
 INFO::setprior:prior control vector was read from ***retrprior.nc***
 DEBUG::setprior:ncrd_retrieval_prior terminated successfully
 INFO::runretrieval:...done.
 DEBUG::runretrieval:initf yields:n= 29 mf= 29
 INFO::runretrieval:calling initx...
 INFO::runretrieval:...done.
 INFO::state_model_set:will be setting-up simple state-model of type "mx(i+1)=a(i+1)*x(i) + b(i+1)"
 INFO::state_model_set:reading model configuration from file ***retrmodel.nc***...
 INFO::state_model_set:...reading done.
 INFO::runretrieval:start optimise...
 INFO::optimise:load control vector boundary settings by calling initb...
 INFO::initb:bounds were read from file ***retrctlvecbounds.nml***
 INFO::initb:applying bounds: lai_coeff_lobound=    0.000 lai_coeff_hibound=    1.000
 INFO::initb:applying bounds: lai_lobound=    0.001 lai_hibound=   10.000
 INFO::initb:applying bounds: canht_lobound=    0.001 canht_hibound=    4.500
 INFO::initb:applying bounds: sm_lobound=    0.001 sm_hibound=    0.500
 INFO::optimise:...done.
 INFO::optimise:start optimiser...
RUNNING THE L-BFGS-B CODE

           * * *

Machine precision = 2.220D-16
 N =           29     M =            5

At X0         0 variables are exactly at the bounds
 INFO::getobs:initial loading of observations...
 INFO::getobs:reading S1 observations from ***obs_s1.nc***
 INFO::ncrd_obs_vector:dataset ---backscatter--- detected fill-value:-99999.00000000
 INFO::ncrd_obs_vector:dataset ---backscatter_unc--- detected fill-value:-99999.00000000
 INFO::ncrd_obs_vector:s1 detected data fill-values:       8
 INFO::ncrd_obs_vector:s1 detected no uncertainthy fill-values
 INFO::getobs:...loading S1 observations done.
 INFO::getobs:reading S2 observations from ***obs_s2.nc***
 INFO::ncrd_obs_vector:dataset ---brf--- detected fill-value:-99999.00000000
 INFO::ncrd_obs_vector:dataset ---brf_unc--- detected fill-value:-99999.00000000
 INFO::ncrd_obs_vector:s2 detected data fill-values:       7
 INFO::ncrd_obs_vector:s2 detected unc. fill-values:       7
 INFO::getobs:...loading observations done.
 INFO::getobs:...initial loading done

At iterate    0    f=  8.98687D+01    |proj g|=  3.00000D+00

At iterate    1    f=  8.51921D+01    |proj g|=  3.01630D+00

At iterate    2    f=  6.86253D+01    |proj g|=  3.01705D+00

At iterate    3    f=  5.55658D+01    |proj g|=  3.05346D+00

At iterate    4    f=  4.47683D+01    |proj g|=  3.13975D+00

At iterate    5    f=  3.68525D+01    |proj g|=  3.20480D+00

At iterate    6    f=  3.14617D+01    |proj g|=  3.16187D+00

At iterate    7    f=  2.83509D+01    |proj g|=  3.16225D+00

At iterate    8    f=  2.52088D+01    |proj g|=  3.21775D+00

At iterate    9    f=  2.19247D+01    |proj g|=  3.32479D+00

At iterate   10    f=  1.97923D+01    |proj g|=  3.32617D+00

At iterate   11    f=  1.86570D+01    |proj g|=  3.31018D+00

At iterate   12    f=  1.76770D+01    |proj g|=  3.30022D+00

At iterate   13    f=  1.66580D+01    |proj g|=  3.28774D+00

At iterate   14    f=  1.63550D+01    |proj g|=  3.27612D+00

At iterate   15    f=  1.60371D+01    |proj g|=  3.27364D+00

At iterate   16    f=  1.59647D+01    |proj g|=  2.79778D+00

At iterate   17    f=  1.58712D+01    |proj g|=  3.26775D+00

At iterate   18    f=  1.57604D+01    |proj g|=  3.26604D+00

At iterate   19    f=  1.56105D+01    |proj g|=  3.26871D+00

At iterate   20    f=  1.54240D+01    |proj g|=  3.26897D+00

At iterate   21    f=  1.53222D+01    |proj g|=  3.27088D+00

At iterate   22    f=  1.52479D+01    |proj g|=  2.25955D+00

At iterate   23    f=  1.51849D+01    |proj g|=  3.26311D+00

At iterate   24    f=  1.51289D+01    |proj g|=  3.27765D+00

At iterate   25    f=  1.50648D+01    |proj g|=  3.26241D+00

At iterate   26    f=  1.50357D+01    |proj g|=  1.97518D+00

At iterate   27    f=  1.50175D+01    |proj g|=  2.10811D+00

At iterate   28    f=  1.49981D+01    |proj g|=  3.25714D+00

At iterate   29    f=  1.49683D+01    |proj g|=  3.25684D+00

At iterate   30    f=  1.48548D+01    |proj g|=  3.27289D+00

At iterate   31    f=  1.48002D+01    |proj g|=  3.27135D+00

At iterate   32    f=  1.47622D+01    |proj g|=  2.45161D+00

At iterate   33    f=  1.47247D+01    |proj g|=  2.15816D+00

At iterate   34    f=  1.46942D+01    |proj g|=  3.27420D+00

At iterate   35    f=  1.46397D+01    |proj g|=  3.27365D+00

At iterate   36    f=  1.45114D+01    |proj g|=  2.67455D+00

At iterate   37    f=  1.44667D+01    |proj g|=  2.61201D+00

At iterate   38    f=  1.44611D+01    |proj g|=  2.26892D+00

At iterate   39    f=  1.44504D+01    |proj g|=  1.04277D+00

At iterate   40    f=  1.44442D+01    |proj g|=  9.90076D-01

           * * *

Tit   = total number of iterations
Tnf   = total number of function evaluations
Tnint = total number of segments explored during Cauchy searches
Skip  = number of BFGS updates skipped
Nact  = number of active bounds at final generalized Cauchy point
Projg = norm of the final projected gradient
F     = final function value

           * * *

   N    Tit     Tnf  Tnint  Skip  Nact     Projg        F
   29     40     45     49     0     0   9.901D-01   1.444D+01
  F =   14.444229058037482     

CONVERGENCE: NORM_OF_PROJECTED_GRADIENT_<=_PGTOL            

 Cauchy                time 0.000E+00 seconds.
 Subspace minimization time 2.000E-03 seconds.
 Line search           time 4.555E+01 seconds.

 Total User time 4.661E+01 seconds.

 INFO::optimise:...optimiser finished.
 INFO::runretrieval:...optimise DONE
 INFO::runretrieval::opti_succeed: T
 
        i                Prior           Posterior          Change [%]
 
        1         0.990000E-01        0.989947E-01            -0.00532
        2         0.990000E-01        0.989947E-01            -0.00532
        3         0.150000E+01        0.153604E+00           -89.75974
        4         0.150000E+01        0.149849E+01            -0.10093
        5         0.200000E+00        0.233281E+00            16.64059
        6         0.150000E+01        0.158249E+00           -89.45007
        7         0.150000E+01        0.149874E+01            -0.08385
        8         0.200000E+00        0.217088E+00             8.54389
        9         0.150000E+01        0.169913E+00           -88.67249
       10         0.150000E+01        0.149973E+01            -0.01825
       11         0.200000E+00        0.215243E+00             7.62133
       12         0.150000E+01        0.169826E+00           -88.67825
       13         0.150000E+01        0.150598E+01             0.39881
       14         0.200000E+00        0.212042E+00             6.02107
       15         0.150000E+01        0.203828E+00           -86.41144
       16         0.150000E+01        0.150252E+01             0.16775
       17         0.200000E+00        0.198790E+00            -0.60512
       18         0.150000E+01        0.204059E+00           -86.39605
       19         0.150000E+01        0.149856E+01            -0.09581
       20         0.200000E+00        0.198789E+00            -0.60535
       21         0.150000E+01        0.201208E+00           -86.58613
       22         0.150000E+01        0.149860E+01            -0.09312
       23         0.200000E+00        0.231136E+00            15.56798
       24         0.150000E+01        0.203820E+00           -86.41201
       25         0.150000E+01        0.149921E+01            -0.05253
       26         0.200000E+00        0.211190E+00             5.59487
       27         0.150000E+01        0.197315E+00           -86.84565
       28         0.150000E+01        0.149831E+01            -0.11276
       29         0.200000E+00        0.212869E+00             6.43444
 INFO::writing final control vector to x.b
 INFO::writing prior uncertainty (physical units) to sx.b
 INFO::runretrieval:start uncertainty analysis on state...
 
 INFO::ua:SVD done with ierr =          0
 
 INFO::runretrieval:...uncertainty analysis on state DONE
 
       Extreme off diagonal correlations
            Min/Max                 value    i    j
                Min              -0.00142   27   25
                Max               0.38506   29   26
 
 INFO::finishdf:resulting file ***controlvector_prior.nc*** successfully written.
 INFO::finishdf:resulting file ***controlvector_post.nc*** successfully written.
