 INFO::retrieval_read_ctl:read settings from file ***retrctl.nml***...
 INFO::retrieval_read_ctl:...reading done.
 INFO::use_prior_term: T
 INFO::use_state_term: T
 INFO::gradient_tolerance: .10000E+01
 INFO::prior_pert: .00000E+00
 INFO::runretrieval:will apply relative perturbation of prior with pert=  0.00
 INFO::runretrieval:calling initf...
 DEBUG::load_ivgeom:ndims= 2
 INFO::initf:retrieval configuration was read from ***retrconfig.nc***
 DEBUG::initf:ncrd_retrieval_config has finished, yields:npts=  12 npts_s1=  11 npts_s2=   1
 INFO::load_sitenml:successfully read site namelist file ***site.nml***
 INFO::setprior:prior control vector was read from ***retrprior.nc***
 DEBUG::setprior:ncrd_retrieval_prior terminated successfully
 INFO::runretrieval:...done.
 DEBUG::runretrieval:initf yields:n= 38 mf= 35
 INFO::runretrieval:calling initx...
 INFO::runretrieval:...done.
 INFO::state_model_set:will be setting-up simple state-model of type "mx(i+1)=a(i+1)*x(i) + b(i+1)"
 INFO::state_model_set:reading model configuration from file ***retrmodel.nc***...
 INFO::state_model_set:...reading done.
 INFO::runretrieval:start optimise...
 INFO::optimise:load control vector boundary settings by calling initb...
 INFO::initb:bounds were read from file ***retrctlvecbounds.nml***
 INFO::initb:applying bounds: lai_coeff_lobound=    0.000 lai_coeff_hibound=    1.000
 INFO::initb:applying bounds: lai_lobound=    0.001 lai_hibound=   10.000
 INFO::initb:applying bounds: canht_lobound=    0.001 canht_hibound=    4.500
 INFO::initb:applying bounds: sm_lobound=    0.001 sm_hibound=    0.500
 INFO::optimise:...done.
 INFO::optimise:start optimiser...
RUNNING THE L-BFGS-B CODE

           * * *

Machine precision = 2.220D-16
 N =           38     M =            5

At X0         0 variables are exactly at the bounds
 INFO::getobs:initial loading of observations...
 INFO::getobs:reading S1 observations from ***obs_s1.nc***
 INFO::ncrd_obs_vector:dataset ---backscatter--- detected fill-value:-99999.00000000
 INFO::ncrd_obs_vector:dataset ---backscatter_unc--- detected fill-value:-99999.00000000
 INFO::ncrd_obs_vector:s1 detected data fill-values:      11
 INFO::ncrd_obs_vector:s1 detected no uncertainthy fill-values
 INFO::getobs:...loading S1 observations done.
 INFO::getobs:reading S2 observations from ***obs_s2.nc***
 INFO::ncrd_obs_vector:dataset ---brf--- detected fill-value:-99999.00000000
 INFO::ncrd_obs_vector:dataset ---brf_unc--- detected fill-value:-99999.00000000
 INFO::ncrd_obs_vector:s2 detected data fill-values:       5
 INFO::ncrd_obs_vector:s2 detected unc. fill-values:       5
 INFO::getobs:...loading observations done.
 INFO::getobs:...initial loading done

At iterate    0    f=  7.01161D+01    |proj g|=  2.83333D+00

At iterate    1    f=  6.09815D+01    |proj g|=  2.84554D+00

At iterate    2    f=  4.66230D+01    |proj g|=  2.79191D+00

At iterate    3    f=  3.84416D+01    |proj g|=  2.73396D+00

At iterate    4    f=  3.26512D+01    |proj g|=  2.69448D+00

At iterate    5    f=  2.89755D+01    |proj g|=  2.62885D+00

At iterate    6    f=  2.71023D+01    |proj g|=  2.60778D+00

At iterate    7    f=  2.58614D+01    |proj g|=  2.57282D+00

At iterate    8    f=  2.51762D+01    |proj g|=  2.58934D+00

At iterate    9    f=  2.47113D+01    |proj g|=  2.58165D+00

At iterate   10    f=  2.40986D+01    |proj g|=  2.59599D+00

At iterate   11    f=  2.38407D+01    |proj g|=  2.56268D+00

At iterate   12    f=  2.34899D+01    |proj g|=  2.56177D+00

At iterate   13    f=  2.33202D+01    |proj g|=  2.57826D+00

At iterate   14    f=  2.29887D+01    |proj g|=  2.57702D+00

At iterate   15    f=  2.27064D+01    |proj g|=  2.57625D+00

At iterate   16    f=  2.24319D+01    |proj g|=  2.49618D+00

At iterate   17    f=  2.20500D+01    |proj g|=  2.60544D+00

At iterate   18    f=  2.13875D+01    |proj g|=  2.61260D+00

At iterate   19    f=  1.97220D+01    |proj g|=  2.65542D+00

At iterate   20    f=  1.81111D+01    |proj g|=  2.69983D+00

At iterate   21    f=  1.74434D+01    |proj g|=  2.72388D+00

At iterate   22    f=  1.68962D+01    |proj g|=  2.71886D+00

At iterate   23    f=  1.66403D+01    |proj g|=  2.70889D+00

At iterate   24    f=  1.65346D+01    |proj g|=  2.70185D+00

At iterate   25    f=  1.64508D+01    |proj g|=  2.67776D+00

At iterate   26    f=  1.63634D+01    |proj g|=  2.70470D+00

At iterate   27    f=  1.62480D+01    |proj g|=  2.70455D+00

At iterate   28    f=  1.60817D+01    |proj g|=  2.70365D+00

At iterate   29    f=  1.60025D+01    |proj g|=  2.70338D+00

At iterate   30    f=  1.58223D+01    |proj g|=  2.25038D+00

At iterate   31    f=  1.57874D+01    |proj g|=  2.24515D+00

At iterate   32    f=  1.56126D+01    |proj g|=  2.70172D+00

At iterate   33    f=  1.53782D+01    |proj g|=  2.71813D+00

At iterate   34    f=  1.51407D+01    |proj g|=  2.72859D+00

At iterate   35    f=  1.49819D+01    |proj g|=  2.73847D+00

At iterate   36    f=  1.48327D+01    |proj g|=  2.75155D+00

At iterate   37    f=  1.47917D+01    |proj g|=  2.76406D+00

At iterate   38    f=  1.46593D+01    |proj g|=  2.75575D+00

At iterate   39    f=  1.45650D+01    |proj g|=  2.74356D+00

At iterate   40    f=  1.44866D+01    |proj g|=  2.73424D+00

At iterate   41    f=  1.44593D+01    |proj g|=  2.74690D+00

At iterate   42    f=  1.43870D+01    |proj g|=  2.51215D+00

At iterate   43    f=  1.43562D+01    |proj g|=  2.58789D+00

At iterate   44    f=  1.43097D+01    |proj g|=  2.74207D+00

At iterate   45    f=  1.42586D+01    |proj g|=  2.74396D+00

At iterate   46    f=  1.42254D+01    |proj g|=  2.74539D+00

At iterate   47    f=  1.41864D+01    |proj g|=  2.59195D+00

At iterate   48    f=  1.41523D+01    |proj g|=  2.74468D+00

At iterate   49    f=  1.41238D+01    |proj g|=  2.48760D+00

At iterate   50    f=  1.41080D+01    |proj g|=  1.60030D+00

At iterate   51    f=  1.40966D+01    |proj g|=  1.39684D+00

At iterate   52    f=  1.40663D+01    |proj g|=  2.13928D+00

At iterate   53    f=  1.40479D+01    |proj g|=  2.58114D+00

At iterate   54    f=  1.40363D+01    |proj g|=  9.29244D-01

           * * *

Tit   = total number of iterations
Tnf   = total number of function evaluations
Tnint = total number of segments explored during Cauchy searches
Skip  = number of BFGS updates skipped
Nact  = number of active bounds at final generalized Cauchy point
Projg = norm of the final projected gradient
F     = final function value

           * * *

   N    Tit     Tnf  Tnint  Skip  Nact     Projg        F
   38     54     57     70     0     0   9.292D-01   1.404D+01
  F =   14.036299170015912     

CONVERGENCE: NORM_OF_PROJECTED_GRADIENT_<=_PGTOL            

 Cauchy                time 1.000E-03 seconds.
 Subspace minimization time 0.000E+00 seconds.
 Line search           time 5.991E+01 seconds.

 Total User time 6.098E+01 seconds.

 INFO::optimise:...optimiser finished.
 INFO::runretrieval:...optimise DONE
 INFO::runretrieval::opti_succeed: T
 
        i                Prior           Posterior          Change [%]
 
        1         0.990000E-01        0.990877E-01             0.08864
        2         0.990000E-01        0.990877E-01             0.08864
        3         0.150000E+01        0.180046E+01            20.03080
        4         0.150000E+01        0.150223E+01             0.14837
        5         0.300000E+00        0.239159E+00           -20.28018
        6         0.150000E+01        0.179629E+01            19.75244
        7         0.150000E+01        0.149709E+01            -0.19396
        8         0.300000E+00        0.237850E+00           -20.71657
        9         0.150000E+01        0.179573E+01            19.71500
       10         0.150000E+01        0.150048E+01             0.03177
       11         0.300000E+00        0.164016E+00           -45.32786
       12         0.150000E+01        0.179995E+01            19.99690
       13         0.150000E+01        0.153267E+01             2.17785
       14         0.300000E+00        0.152051E+00           -49.31624
       15         0.150000E+01        0.178138E+01            18.75867
       16         0.150000E+01        0.150641E+01             0.42753
       17         0.300000E+00        0.148852E+00           -50.38257
       18         0.150000E+01        0.179884E+01            19.92289
       19         0.150000E+01        0.152888E+01             1.92565
       20         0.300000E+00        0.149049E+00           -50.31706
       21         0.150000E+01        0.180365E+01            20.24359
       22         0.150000E+01        0.150643E+01             0.42869
       23         0.300000E+00        0.155003E+00           -48.33235
       24         0.150000E+01        0.181286E+01            20.85764
       25         0.150000E+01        0.150680E+01             0.45332
       26         0.300000E+00        0.198194E+00           -33.93542
       27         0.150000E+01        0.182059E+01            21.37300
       28         0.150000E+01        0.150101E+01             0.06740
       29         0.300000E+00        0.239251E+00           -20.24959
       30         0.150000E+01        0.183279E+01            22.18633
       31         0.150000E+01        0.149574E+01            -0.28402
       32         0.300000E+00        0.239012E+00           -20.32933
       33         0.150000E+01        0.184969E+01            23.31275
       34         0.150000E+01        0.150218E+01             0.14526
       35         0.300000E+00        0.154647E+00           -48.45110
       36         0.150000E+01        0.187192E+01            24.79477
       37         0.150000E+01        0.153461E+01             2.30761
       38         0.300000E+00        0.144724E+00           -51.75858
 INFO::writing final control vector to x.b
 INFO::writing prior uncertainty (physical units) to sx.b
 INFO::runretrieval:start uncertainty analysis on state...
 
 INFO::ua:SVD done with ierr =          0
 
 INFO::runretrieval:...uncertainty analysis on state DONE
 
       Extreme off diagonal correlations
            Min/Max                 value    i    j
                Min              -0.01003    6    4
                Max               0.33159    8    5
 
 INFO::finishdf:resulting file ***controlvector_prior.nc*** successfully written.
 INFO::finishdf:resulting file ***controlvector_post.nc*** successfully written.
