 INFO::retrieval_read_ctl:read settings from file ***retrctl.nml***...
 INFO::retrieval_read_ctl:...reading done.
 INFO::use_prior_term: T
 INFO::use_state_term: T
 INFO::gradient_tolerance: .10000E+01
 INFO::prior_pert: .00000E+00
 INFO::runretrieval:will apply relative perturbation of prior with pert=  0.00
 INFO::runretrieval:calling initf...
 DEBUG::load_ivgeom:ndims= 2
 INFO::initf:retrieval configuration was read from ***retrconfig.nc***
 DEBUG::initf:ncrd_retrieval_config has finished, yields:npts=   6 npts_s1=   4 npts_s2=   2
 INFO::load_sitenml:successfully read site namelist file ***site.nml***
 INFO::setprior:prior control vector was read from ***retrprior.nc***
 DEBUG::setprior:ncrd_retrieval_prior terminated successfully
 INFO::runretrieval:...done.
 DEBUG::runretrieval:initf yields:n= 20 mf= 34
 INFO::runretrieval:calling initx...
 INFO::runretrieval:...done.
 INFO::state_model_set:will be setting-up simple state-model of type "mx(i+1)=a(i+1)*x(i) + b(i+1)"
 INFO::state_model_set:reading model configuration from file ***retrmodel.nc***...
 INFO::state_model_set:...reading done.
 INFO::runretrieval:start optimise...
 INFO::optimise:load control vector boundary settings by calling initb...
 INFO::initb:bounds were read from file ***retrctlvecbounds.nml***
 INFO::initb:applying bounds: lai_coeff_lobound=    0.000 lai_coeff_hibound=    1.000
 INFO::initb:applying bounds: lai_lobound=    0.001 lai_hibound=   10.000
 INFO::initb:applying bounds: canht_lobound=    0.001 canht_hibound=    4.500
 INFO::initb:applying bounds: sm_lobound=    0.001 sm_hibound=    0.500
 INFO::optimise:...done.
 INFO::optimise:start optimiser...
RUNNING THE L-BFGS-B CODE

           * * *

Machine precision = 2.220D-16
 N =           20     M =            5

At X0         0 variables are exactly at the bounds
 INFO::getobs:initial loading of observations...
 INFO::getobs:reading S1 observations from ***obs_s1.nc***
 INFO::ncrd_obs_vector:dataset ---backscatter--- detected fill-value:-99999.00000000
 INFO::ncrd_obs_vector:dataset ---backscatter_unc--- detected fill-value:-99999.00000000
 INFO::ncrd_obs_vector:s1 detected data fill-values:       4
 INFO::ncrd_obs_vector:s1 detected no uncertainthy fill-values
 INFO::getobs:...loading S1 observations done.
 INFO::getobs:reading S2 observations from ***obs_s2.nc***
 INFO::ncrd_obs_vector:dataset ---brf--- detected fill-value:-99999.00000000
 INFO::ncrd_obs_vector:dataset ---brf_unc--- detected fill-value:-99999.00000000
 INFO::ncrd_obs_vector:s2 detected data fill-values:      10
 INFO::ncrd_obs_vector:s2 detected unc. fill-values:      10
 INFO::getobs:...loading observations done.
 INFO::getobs:...initial loading done

At iterate    0    f=  1.11907D+02    |proj g|=  3.00000D+00

At iterate    1    f=  1.08016D+02    |proj g|=  2.91098D+00

At iterate    2    f=  4.46569D+01    |proj g|=  2.87113D+00

At iterate    3    f=  2.69373D+01    |proj g|=  3.33300D+00

At iterate    4    f=  1.77593D+01    |proj g|=  2.83601D+00

At iterate    5    f=  1.72426D+01    |proj g|=  2.84306D+00

At iterate    6    f=  1.72007D+01    |proj g|=  3.26308D+00

At iterate    7    f=  1.71463D+01    |proj g|=  3.26319D+00

At iterate    8    f=  1.67533D+01    |proj g|=  3.26165D+00

At iterate    9    f=  1.66207D+01    |proj g|=  3.26132D+00

At iterate   10    f=  1.63361D+01    |proj g|=  2.79409D+00

At iterate   11    f=  1.61590D+01    |proj g|=  2.76598D+00

At iterate   12    f=  1.60571D+01    |proj g|=  2.18664D+00

At iterate   13    f=  1.58350D+01    |proj g|=  3.12937D+00

At iterate   14    f=  1.53999D+01    |proj g|=  3.64796D+00

At iterate   15    f=  1.47048D+01    |proj g|=  3.71928D+00

At iterate   16    f=  1.43363D+01    |proj g|=  3.52229D+00

At iterate   17    f=  1.41827D+01    |proj g|=  2.85236D+00

At iterate   18    f=  1.41509D+01    |proj g|=  2.87083D+00

At iterate   19    f=  1.41264D+01    |proj g|=  2.86807D+00

At iterate   20    f=  1.40805D+01    |proj g|=  2.69403D+00

At iterate   21    f=  1.40294D+01    |proj g|=  2.87367D+00

At iterate   22    f=  1.39905D+01    |proj g|=  2.30702D+00

At iterate   23    f=  1.39862D+01    |proj g|=  2.84391D+00

At iterate   24    f=  1.39673D+01    |proj g|=  1.12952D+00

At iterate   25    f=  1.39629D+01    |proj g|=  1.04037D+00

At iterate   26    f=  1.39411D+01    |proj g|=  2.61366D+00

At iterate   27    f=  1.38917D+01    |proj g|=  3.26012D+00

At iterate   28    f=  1.37954D+01    |proj g|=  3.25949D+00

At iterate   29    f=  1.36960D+01    |proj g|=  3.26234D+00

At iterate   30    f=  1.36274D+01    |proj g|=  3.25732D+00

At iterate   31    f=  1.36046D+01    |proj g|=  2.07081D+00

At iterate   32    f=  1.35985D+01    |proj g|=  1.33117D+00

At iterate   33    f=  1.35966D+01    |proj g|=  1.25845D+00

At iterate   34    f=  1.35925D+01    |proj g|=  1.02422D+00

At iterate   35    f=  1.35880D+01    |proj g|=  2.13598D+00

At iterate   36    f=  1.35831D+01    |proj g|=  6.91209D-01

           * * *

Tit   = total number of iterations
Tnf   = total number of function evaluations
Tnint = total number of segments explored during Cauchy searches
Skip  = number of BFGS updates skipped
Nact  = number of active bounds at final generalized Cauchy point
Projg = norm of the final projected gradient
F     = final function value

           * * *

   N    Tit     Tnf  Tnint  Skip  Nact     Projg        F
   20     36     38     44     0     0   6.912D-01   1.358D+01
  F =   13.583053299829883     

CONVERGENCE: NORM_OF_PROJECTED_GRADIENT_<=_PGTOL            

 Cauchy                time 0.000E+00 seconds.
 Subspace minimization time 0.000E+00 seconds.
 Line search           time 7.594E+01 seconds.

 Total User time 7.803E+01 seconds.

 INFO::optimise:...optimiser finished.
 INFO::runretrieval:...optimise DONE
 INFO::runretrieval::opti_succeed: T
 
        i                Prior           Posterior          Change [%]
 
        1         0.990000E-01        0.990124E-01             0.01249
        2         0.990000E-01        0.990124E-01             0.01249
        3         0.150000E+01        0.234136E+00           -84.39092
        4         0.150000E+01        0.150310E+01             0.20698
        5         0.200000E+00        0.316300E+00            58.14987
        6         0.150000E+01        0.138579E+01            -7.61375
        7         0.150000E+01        0.149986E+01            -0.00925
        8         0.200000E+00        0.205617E+00             2.80846
        9         0.150000E+01        0.142977E+01            -4.68196
       10         0.150000E+01        0.149646E+01            -0.23580
       11         0.200000E+00        0.204175E+00             2.08730
       12         0.150000E+01        0.147801E+01            -1.46611
       13         0.150000E+01        0.149808E+01            -0.12822
       14         0.200000E+00        0.130686E+00           -34.65719
       15         0.150000E+01        0.153470E+01             2.31356
       16         0.150000E+01        0.152007E+01             1.33830
       17         0.200000E+00        0.120710E+00           -39.64516
       18         0.150000E+01        0.157874E+01             5.24966
       19         0.150000E+01        0.149883E+01            -0.07815
       20         0.200000E+00        0.136644E+00           -31.67779
 INFO::writing final control vector to x.b
 INFO::writing prior uncertainty (physical units) to sx.b
 INFO::runretrieval:start uncertainty analysis on state...
 
 INFO::ua:SVD done with ierr =          0
 
 INFO::runretrieval:...uncertainty analysis on state DONE
 
       Extreme off diagonal correlations
            Min/Max                 value    i    j
                Min              -0.00787    9    7
                Max               0.38466   11    8
 
 INFO::finishdf:resulting file ***controlvector_prior.nc*** successfully written.
 INFO::finishdf:resulting file ***controlvector_post.nc*** successfully written.
