 INFO::retrieval_read_ctl:read settings from file ***retrctl.nml***...
 INFO::retrieval_read_ctl:...reading done.
 INFO::use_prior_term: T
 INFO::use_state_term: T
 INFO::gradient_tolerance: .10000E-04
 INFO::prior_pert: .25000E+00
 INFO::runua:calling initf...
 DEBUG::load_ivgeom:ndims= 2
 INFO::initf:retrieval configuration was read from ***retrconfig.nc***
 DEBUG::initf:ncrd_retrieval_config has finished, yields:npts=  67 npts_s1=  47 npts_s2=   9
 INFO::load_sitenml:successfully read site namelist file ***site.nml***
 INFO::setprior:prior control vector was read from ***retrprior.nc***
 DEBUG::setprior:ncrd_retrieval_prior terminated successfully
 INFO::runua:...done.
 INFO::runua:calling initx...
 INFO::runua:...done.
 INFO::state_model_set:will be setting-up simple state-model of type "mx(i+1)=a(i+1)*x(i) + b(i+1)"
 INFO::state_model_set:reading model configuration from file ***retrmodel.nc***...
 INFO::state_model_set:...reading done.
 INFO::getobs:initial loading of observations...
 INFO::getobs:reading S1 observations from ***obs_s1.nc***
 INFO::ncrd_obs_vector:dataset ---backscatter--- detected fill-value:-99999.00000000
 INFO::ncrd_obs_vector:dataset ---backscatter_unc--- detected fill-value:-99999.00000000
 INFO::ncrd_obs_vector:s1 detected no fill-values
 INFO::ncrd_obs_vector:s1 detected no uncertainthy fill-values
 INFO::getobs:...loading S1 observations done.
 INFO::getobs:reading S2 observations from ***obs_s2.nc***
 INFO::ncrd_obs_vector:dataset ---brf--- detected fill-value:-99999.00000000
 INFO::ncrd_obs_vector:dataset ---brf_unc--- detected fill-value:-99999.00000000
 INFO::ncrd_obs_vector:s2 detected data fill-values:      18
 INFO::ncrd_obs_vector:s2 detected unc. fill-values:      18
 INFO::getobs:...loading observations done.
 INFO::getobs:...initial loading done
 
 INFO::ua:SVD done with ierr =          0
 
#
#       i          Prior Sigma          Post Sigma       Unc. Red. [%]
#
        1         0.100000E+00        0.265891E-01            73.41094
        2         0.100000E+00        0.274856E-01            72.51438
        3         0.500000E+01        0.132314E+01            73.53720
        4         0.200000E+01        0.111854E+01            44.07315
        5         0.200000E+00        0.134354E+00            32.82290
        6         0.500000E+01        0.117451E+01            76.50981
        7         0.200000E+01        0.983829E+00            50.80857
        8         0.200000E+00        0.118313E+00            40.84370
        9         0.500000E+01        0.109521E+01            78.09586
       10         0.200000E+01        0.923895E+00            53.80524
       11         0.200000E+00        0.124648E+00            37.67601
       12         0.500000E+01        0.107152E+01            78.56959
       13         0.200000E+01        0.905345E+00            54.73276
       14         0.200000E+00        0.124051E+00            37.97460
       15         0.500000E+01        0.106546E+01            78.69082
       16         0.200000E+01        0.892978E+00            55.35112
       17         0.200000E+00        0.113978E+00            43.01105
       18         0.500000E+01        0.114171E+01            77.16572
       19         0.200000E+01        0.935417E+00            53.22915
       20         0.200000E+00        0.142390E+00            28.80500
       21         0.500000E+01        0.104688E+01            79.06243
       22         0.200000E+01        0.873128E+00            56.34359
       23         0.200000E+00        0.122057E+00            38.97160
       24         0.500000E+01        0.117650E+01            76.46993
       25         0.200000E+01        0.942125E+00            52.89377
       26         0.200000E+00        0.156111E+00            21.94426
       27         0.500000E+01        0.117656E+01            76.46883
       28         0.200000E+01        0.941996E+00            52.90020
       29         0.200000E+00        0.155984E+00            22.00816
       30         0.500000E+01        0.104707E+01            79.05853
       31         0.200000E+01        0.872565E+00            56.37176
       32         0.200000E+00        0.120768E+00            39.61613
       33         0.500000E+01        0.113620E+01            77.27596
       34         0.200000E+01        0.929690E+00            53.51548
       35         0.200000E+00        0.142254E+00            28.87314
       36         0.500000E+01        0.105495E+01            78.90097
       37         0.200000E+01        0.876717E+00            56.16417
       38         0.200000E+00        0.113001E+00            43.49944
       39         0.500000E+01        0.116692E+01            76.66160
       40         0.200000E+01        0.940111E+00            52.99445
       41         0.200000E+00        0.155220E+00            22.38995
       42         0.500000E+01        0.115019E+01            76.99628
       43         0.200000E+01        0.935340E+00            53.23298
       44         0.200000E+00        0.155265E+00            22.36734
       45         0.500000E+01        0.995155E+00            80.09690
       46         0.200000E+01        0.855736E+00            57.21319
       47         0.200000E+00        0.113488E+00            43.25619
       48         0.500000E+01        0.100653E+01            79.86945
       49         0.200000E+01        0.887196E+00            55.64018
       50         0.200000E+00        0.141106E+00            29.44682
       51         0.500000E+01        0.763289E+00            84.73422
       52         0.200000E+01        0.754158E+00            62.29209
       53         0.200000E+00        0.109006E+00            45.49690
       54         0.500000E+01        0.502821E-01            98.99436
       55         0.200000E+01        0.744937E+00            62.75313
       56         0.200000E+00        0.835238E-01            58.23810
       57         0.500000E+01        0.860965E+00            82.78070
       58         0.200000E+01        0.892175E+00            55.39126
       59         0.200000E+00        0.152656E+00            23.67177
       60         0.500000E+01        0.101919E+01            79.61626
       61         0.200000E+01        0.915200E+00            54.23998
       62         0.200000E+00        0.155875E+00            22.06262
       63         0.500000E+01        0.971106E+00            80.57787
       64         0.200000E+01        0.850880E+00            57.45601
       65         0.200000E+00        0.121526E+00            39.23707
       66         0.500000E+01        0.112444E+01            77.51115
       67         0.200000E+01        0.931910E+00            53.40448
       68         0.200000E+00        0.156170E+00            21.91488
       69         0.500000E+01        0.112971E+01            77.40576
       70         0.200000E+01        0.934339E+00            53.28306
       71         0.200000E+00        0.175764E+00            12.11801
       72         0.500000E+01        0.990254E+00            80.19492
       73         0.200000E+01        0.861631E+00            56.91843
       74         0.200000E+00        0.118551E+00            40.72429
       75         0.500000E+01        0.908034E+00            81.83932
       76         0.200000E+01        0.828657E+00            58.56713
       77         0.200000E+00        0.122964E+00            38.51824
       78         0.500000E+01        0.767731E+00            84.64537
       79         0.200000E+01        0.785072E+00            60.74639
       80         0.200000E+00        0.117732E+00            41.13403
       81         0.500000E+01        0.507346E-01            98.98531
       82         0.200000E+01        0.719593E+00            64.02037
       83         0.200000E+00        0.854542E-01            57.27289
       84         0.500000E+01        0.752771E+00            84.94459
       85         0.200000E+01        0.760851E+00            61.95745
       86         0.200000E+00        0.100318E+00            49.84094
       87         0.500000E+01        0.860474E+00            82.79052
       88         0.200000E+01        0.812480E+00            59.37600
       89         0.200000E+00        0.119395E+00            40.30227
       90         0.500000E+01        0.872063E+00            82.55873
       91         0.200000E+01        0.822503E+00            58.87487
       92         0.200000E+00        0.120917E+00            39.54128
       93         0.500000E+01        0.753124E+00            84.93752
       94         0.200000E+01        0.773833E+00            61.30834
       95         0.200000E+00        0.102890E+00            48.55511
       96         0.500000E+01        0.490214E-01            99.01957
       97         0.200000E+01        0.747295E+00            62.63523
       98         0.200000E+00        0.752663E-01            62.36684
       99         0.500000E+01        0.752876E+00            84.94247
      100         0.200000E+01        0.768102E+00            61.59490
      101         0.200000E+00        0.109904E+00            45.04821
      102         0.500000E+01        0.892876E+00            82.14248
      103         0.200000E+01        0.831214E+00            58.43930
      104         0.200000E+00        0.121616E+00            39.19207
      105         0.500000E+01        0.926398E+00            81.47204
      106         0.200000E+01        0.846261E+00            57.68693
      107         0.200000E+00        0.113054E+00            43.47321
      108         0.500000E+01        0.885252E+00            82.29497
      109         0.200000E+01        0.828127E+00            58.59364
      110         0.200000E+00        0.121693E+00            39.15329
      111         0.500000E+01        0.763233E+00            84.73535
      112         0.200000E+01        0.800182E+00            59.99088
      113         0.200000E+00        0.118063E+00            40.96861
      114         0.500000E+01        0.491596E-01            99.01681
      115         0.200000E+01        0.790567E+00            60.47165
      116         0.200000E+00        0.824825E-01            58.75877
      117         0.500000E+01        0.768150E+00            84.63699
      118         0.200000E+01        0.801595E+00            59.92027
      119         0.200000E+00        0.108986E+00            45.50678
      120         0.500000E+01        0.889524E+00            82.20953
      121         0.200000E+01        0.832704E+00            58.36482
      122         0.200000E+00        0.121454E+00            39.27283
      123         0.500000E+01        0.945804E+00            81.08392
      124         0.200000E+01        0.854966E+00            57.25168
      125         0.200000E+00        0.122977E+00            38.51157
      126         0.500000E+01        0.949060E+00            81.01880
      127         0.200000E+01        0.854285E+00            57.28577
      128         0.200000E+00        0.112195E+00            43.90236
      129         0.500000E+01        0.891609E+00            82.16781
      130         0.200000E+01        0.824673E+00            58.76634
      131         0.200000E+00        0.122343E+00            38.82869
      132         0.500000E+01        0.764101E+00            84.71798
      133         0.200000E+01        0.781830E+00            60.90851
      134         0.200000E+00        0.117088E+00            41.45615
      135         0.500000E+01        0.511632E-01            98.97674
      136         0.200000E+01        0.706925E+00            64.65373
      137         0.200000E+00        0.869204E-01            56.53979
      138         0.500000E+01        0.761324E+00            84.77353
      139         0.200000E+01        0.760011E+00            61.99944
      140         0.200000E+00        0.100358E+00            49.82086
      141         0.500000E+01        0.887938E+00            82.24125
      142         0.200000E+01        0.821823E+00            58.90886
      143         0.200000E+00        0.120014E+00            39.99286
      144         0.500000E+01        0.945922E+00            81.08155
      145         0.200000E+01        0.851943E+00            57.40284
      146         0.200000E+00        0.122783E+00            38.60870
      147         0.500000E+01        0.949263E+00            81.01475
      148         0.200000E+01        0.852037E+00            57.39814
      149         0.200000E+00        0.113130E+00            43.43483
      150         0.500000E+01        0.893544E+00            82.12912
      151         0.200000E+01        0.821165E+00            58.94177
      152         0.200000E+00        0.121142E+00            39.42877
      153         0.500000E+01        0.758715E+00            84.82570
      154         0.200000E+01        0.756474E+00            62.17630
      155         0.200000E+00        0.108151E+00            45.92433
      156         0.500000E+01        0.508191E-01            98.98362
      157         0.200000E+01        0.712132E+00            64.39340
      158         0.200000E+00        0.867526E-01            56.62368
      159         0.500000E+01        0.472631E-01            99.05474
      160         0.200000E+01        0.758057E+00            62.09715
      161         0.200000E+00        0.748191E-01            62.59047
      162         0.500000E+01        0.761583E+00            84.76835
      163         0.200000E+01        0.771898E+00            61.40509
      164         0.200000E+00        0.101327E+00            49.33643
      165         0.500000E+01        0.890739E+00            82.18523
      166         0.200000E+01        0.826913E+00            58.65433
      167         0.200000E+00        0.119193E+00            40.40355
      168         0.500000E+01        0.946719E+00            81.06561
      169         0.200000E+01        0.853936E+00            57.30319
      170         0.200000E+00        0.122827E+00            38.58644
      171         0.500000E+01        0.949532E+00            81.00935
      172         0.200000E+01        0.854497E+00            57.27514
      173         0.200000E+00        0.112796E+00            43.60179
      174         0.500000E+01        0.893872E+00            82.12256
      175         0.200000E+01        0.826636E+00            58.66819
      176         0.200000E+00        0.120673E+00            39.66370
      177         0.500000E+01        0.756684E+00            84.86631
      178         0.200000E+01        0.771725E+00            61.41377
      179         0.200000E+00        0.108491E+00            45.75452
      180         0.500000E+01        0.470723E-01            99.05855
      181         0.200000E+01        0.761515E+00            61.92425
      182         0.200000E+00        0.737949E-01            63.10255
      183         0.500000E+01        0.640515E+00            87.18971
      184         0.200000E+01        0.724959E+00            63.75205
      185         0.200000E+00        0.100630E+00            49.68525
      186         0.500000E+01        0.488192E-01            99.02362
      187         0.200000E+01        0.698556E+00            65.07220
      188         0.200000E+00        0.774868E-01            61.25660
      189         0.500000E+01        0.763178E+00            84.73644
      190         0.200000E+01        0.760356E+00            61.98222
      191         0.200000E+00        0.110566E+00            44.71708
      192         0.500000E+01        0.934413E+00            81.31175
      193         0.200000E+01        0.848553E+00            57.57234
      194         0.200000E+00        0.121722E+00            39.13917
      195         0.500000E+01        0.103008E+01            79.39836
      196         0.200000E+01        0.900417E+00            54.97916
      197         0.200000E+00        0.113832E+00            43.08388
      198         0.500000E+01        0.110952E+01            77.80962
      199         0.200000E+01        0.960809E+00            51.95957
      200         0.200000E+00        0.126610E+00            36.69524
      201         0.500000E+01        0.127102E+01            74.57951
      202         0.200000E+01        0.110183E+01            44.90869
      203         0.200000E+00        0.145416E+00            27.29204
 INFO::finishdf:resulting file ***controlvector_prior.nc*** successfully written.
 INFO::finishdf:resulting file ***controlvector_post.nc*** successfully written.
 
       Extreme off diagonal correlations
            Min/Max                 value    i    j
                Min              -0.27465    6    4
                Max               0.38418    7    4
 
 INFO::runua:start target HH-backscatter processing...
 INFO::backscatter_hh_retrieval:start computation of HH-backscatter at prior...
 INFO::backscatter_hh_retrieval:...DONE
 INFO::backscatter_hh_retrieval:start computation of HH-backscatter at x...
 INFO::backscatter_hh_retrieval:...DONE
 INFO::backscatter_hh_retrieval:start computation of HH-backscatter Jacobian at x...
 INFO::backscatter_hh_retrieval:...DONE
 INFO::backscatter_hh_retrieval:generated target data file ***backscatter_hh_prior.nc***
 INFO::backscatter_hh_retrieval:generated target data file ***backscatter_hh_post.nc***
 INFO::runua:...HH-backscatter processing DONE
 INFO::runua:start target FAPAR processing...
 INFO::fapar_retrieval:start computation of FAPAR at prior...
 INFO::fapar_retrieval:...DONE
 INFO::fapar_retrieval:start computation of FAPAR at x...
 INFO::fapar_retrieval:...DONE
 INFO::fapar_retrieval:start computation of FAPAR Jacobian at x...
 INFO::fapar_retrieval:...DONE
 INFO::fapar_retrieval:generated target data file ***fapar_prior.nc***
 INFO::fapar_retrieval:generated target data file ***fapar_post.nc***
 INFO::runua:...FAPAR processing DONE
