 INFO::retrieval_read_ctl:read settings from file ***retrctl.nml***...
 INFO::retrieval_read_ctl:...reading done.
 INFO::use_prior_term: T
 INFO::use_state_term: T
 INFO::gradient_tolerance: .10000E-04
 INFO::prior_pert: .25000E+00
 INFO::runua:calling initf...
 DEBUG::load_ivgeom:ndims= 2
 INFO::initf:retrieval configuration was read from ***retrconfig.nc***
 DEBUG::initf:ncrd_retrieval_config has finished, yields:npts=  67 npts_s1=  47 npts_s2=   0
 INFO::load_sitenml:successfully read site namelist file ***site.nml***
 INFO::setprior:prior control vector was read from ***retrprior.nc***
 DEBUG::setprior:ncrd_retrieval_prior terminated successfully
 INFO::runua:...done.
 INFO::runua:calling initx...
 INFO::runua:...done.
 INFO::state_model_set:will be setting-up simple state-model of type "mx(i+1)=a(i+1)*x(i) + b(i+1)"
 INFO::state_model_set:reading model configuration from file ***retrmodel.nc***...
 INFO::state_model_set:...reading done.
 INFO::getobs:initial loading of observations...
 INFO::getobs:reading S1 observations from ***obs_s1.nc***
 INFO::ncrd_obs_vector:dataset ---backscatter--- detected fill-value:-99999.00000000
 INFO::ncrd_obs_vector:dataset ---backscatter_unc--- detected fill-value:-99999.00000000
 INFO::ncrd_obs_vector:s1 detected no fill-values
 INFO::ncrd_obs_vector:s1 detected no uncertainthy fill-values
 INFO::getobs:...loading S1 observations done.
 INFO::getobs:no S2 observations ***obs_s2.nc*** available.
 INFO::getobs:...initial loading done
 
 INFO::ua:SVD done with ierr =          0
 
#
#       i          Prior Sigma          Post Sigma       Unc. Red. [%]
#
        1         0.100000E+00        0.388043E-01            61.19574
        2         0.100000E+00        0.393089E-01            60.69113
        3         0.500000E+01        0.136540E+01            72.69201
        4         0.200000E+01        0.111987E+01            44.00660
        5         0.200000E+00        0.134405E+00            32.79726
        6         0.500000E+01        0.122193E+01            75.56141
        7         0.200000E+01        0.985352E+00            50.73240
        8         0.200000E+00        0.118374E+00            40.81294
        9         0.500000E+01        0.114607E+01            77.07855
       10         0.200000E+01        0.925571E+00            53.72144
       11         0.200000E+00        0.124717E+00            37.64175
       12         0.500000E+01        0.112310E+01            77.53803
       13         0.200000E+01        0.907030E+00            54.64852
       14         0.200000E+00        0.124122E+00            37.93888
       15         0.500000E+01        0.111662E+01            77.66767
       16         0.200000E+01        0.894613E+00            55.26935
       17         0.200000E+00        0.114057E+00            42.97133
       18         0.500000E+01        0.118759E+01            76.24821
       19         0.200000E+01        0.936656E+00            53.16722
       20         0.200000E+00        0.142415E+00            28.79272
       21         0.500000E+01        0.109851E+01            78.02982
       22         0.200000E+01        0.874826E+00            56.25871
       23         0.200000E+00        0.122166E+00            38.91681
       24         0.500000E+01        0.121980E+01            75.60403
       25         0.200000E+01        0.943163E+00            52.84183
       26         0.200000E+00        0.156125E+00            21.93769
       27         0.500000E+01        0.122053E+01            75.58947
       28         0.200000E+01        0.943127E+00            52.84364
       29         0.200000E+00        0.155998E+00            22.00084
       30         0.500000E+01        0.110106E+01            77.97874
       31         0.200000E+01        0.874667E+00            56.26663
       32         0.200000E+00        0.120894E+00            39.55320
       33         0.500000E+01        0.118709E+01            76.25826
       34         0.200000E+01        0.931764E+00            53.41181
       35         0.200000E+00        0.142290E+00            28.85476
       36         0.500000E+01        0.111559E+01            77.68824
       37         0.200000E+01        0.880556E+00            55.97221
       38         0.200000E+00        0.113173E+00            43.41340
       39         0.500000E+01        0.122894E+01            75.42127
       40         0.200000E+01        0.944748E+00            52.76258
       41         0.200000E+00        0.155243E+00            22.37871
       42         0.500000E+01        0.122815E+01            75.43694
       43         0.200000E+01        0.944615E+00            52.76926
       44         0.200000E+00        0.155381E+00            22.30966
       45         0.500000E+01        0.111286E+01            77.74287
       46         0.200000E+01        0.879973E+00            56.00135
       47         0.200000E+00        0.114651E+00            42.67458
       48         0.500000E+01        0.118457E+01            76.30861
       49         0.200000E+01        0.931203E+00            53.43984
       50         0.200000E+00        0.142574E+00            28.71291
       51         0.500000E+01        0.109665E+01            78.06708
       52         0.200000E+01        0.871565E+00            56.42175
       53         0.200000E+00        0.123156E+00            38.42211
       54         0.500000E+01        0.124285E+01            75.14301
       55         0.200000E+01        0.944974E+00            52.75131
       56         0.200000E+00        0.144893E+00            27.55347
       57         0.500000E+01        0.128767E+01            74.24654
       58         0.200000E+01        0.962433E+00            51.87833
       59         0.200000E+00        0.158508E+00            20.74584
       60         0.500000E+01        0.124950E+01            75.01008
       61         0.200000E+01        0.946001E+00            52.69996
       62         0.200000E+00        0.156183E+00            21.90848
       63         0.500000E+01        0.111285E+01            77.74297
       64         0.200000E+01        0.874970E+00            56.25149
       65         0.200000E+00        0.123497E+00            38.25152
       66         0.500000E+01        0.122846E+01            75.43083
       67         0.200000E+01        0.943363E+00            52.83183
       68         0.200000E+00        0.156373E+00            21.81355
       69         0.500000E+01        0.123004E+01            75.39913
       70         0.200000E+01        0.945730E+00            52.71348
       71         0.200000E+00        0.175778E+00            12.11095
       72         0.500000E+01        0.111837E+01            77.63255
       73         0.200000E+01        0.885290E+00            55.73550
       74         0.200000E+00        0.119330E+00            40.33490
       75         0.500000E+01        0.109323E+01            78.13544
       76         0.200000E+01        0.877548E+00            56.12261
       77         0.200000E+00        0.124968E+00            37.51590
       78         0.500000E+01        0.110481E+01            77.90379
       79         0.200000E+01        0.885360E+00            55.73198
       80         0.200000E+00        0.127605E+00            36.19752
       81         0.500000E+01        0.117972E+01            76.40552
       82         0.200000E+01        0.933220E+00            53.33902
       83         0.200000E+00        0.155334E+00            22.33280
       84         0.500000E+01        0.109678E+01            78.06432
       85         0.200000E+01        0.879944E+00            56.00282
       86         0.200000E+00        0.111929E+00            44.03527
       87         0.500000E+01        0.108461E+01            78.30788
       88         0.200000E+01        0.876657E+00            56.16713
       89         0.200000E+00        0.122695E+00            38.65258
       90         0.500000E+01        0.109308E+01            78.13849
       91         0.200000E+01        0.883675E+00            55.81626
       92         0.200000E+00        0.123541E+00            38.22948
       93         0.500000E+01        0.110068E+01            77.98648
       94         0.200000E+01        0.882879E+00            55.85606
       95         0.200000E+00        0.114715E+00            42.64252
       96         0.500000E+01        0.117835E+01            76.43308
       97         0.200000E+01        0.933174E+00            53.34129
       98         0.200000E+00        0.142502E+00            28.74915
       99         0.500000E+01        0.109085E+01            78.18290
      100         0.200000E+01        0.877571E+00            56.12145
      101         0.200000E+00        0.122588E+00            38.70616
      102         0.500000E+01        0.109301E+01            78.13974
      103         0.200000E+01        0.883533E+00            55.82333
      104         0.200000E+00        0.123870E+00            38.06495
      105         0.500000E+01        0.109547E+01            78.09057
      106         0.200000E+01        0.883519E+00            55.82406
      107         0.200000E+00        0.113931E+00            43.03426
      108         0.500000E+01        0.108672E+01            78.26564
      109         0.200000E+01        0.876928E+00            56.15362
      110         0.200000E+00        0.123537E+00            38.23157
      111         0.500000E+01        0.110401E+01            77.91988
      112         0.200000E+01        0.884817E+00            55.75916
      113         0.200000E+00        0.127067E+00            36.46674
      114         0.500000E+01        0.118275E+01            76.34507
      115         0.200000E+01        0.933471E+00            53.32646
      116         0.200000E+00        0.175597E+00            12.20139
      117         0.500000E+01        0.110758E+01            77.84844
      118         0.200000E+01        0.884383E+00            55.78085
      119         0.200000E+00        0.117322E+00            41.33880
      120         0.500000E+01        0.108743E+01            78.25137
      121         0.200000E+01        0.876650E+00            56.16751
      122         0.200000E+00        0.123981E+00            38.00928
      123         0.500000E+01        0.109248E+01            78.15048
      124         0.200000E+01        0.883565E+00            55.82174
      125         0.200000E+00        0.123632E+00            38.18388
      126         0.500000E+01        0.109575E+01            78.08490
      127         0.200000E+01        0.883866E+00            55.80668
      128         0.200000E+00        0.112815E+00            43.59247
      129         0.500000E+01        0.108479E+01            78.30424
      130         0.200000E+01        0.875914E+00            56.20432
      131         0.200000E+00        0.124196E+00            37.90188
      132         0.500000E+01        0.110346E+01            77.93087
      133         0.200000E+01        0.884726E+00            55.76369
      134         0.200000E+00        0.126878E+00            36.56082
      135         0.500000E+01        0.117937E+01            76.41252
      136         0.200000E+01        0.932779E+00            53.36103
      137         0.200000E+00        0.155336E+00            22.33184
      138         0.500000E+01        0.109654E+01            78.06919
      139         0.200000E+01        0.879343E+00            56.03283
      140         0.200000E+00        0.112078E+00            43.96075
      141         0.500000E+01        0.108332E+01            78.33354
      142         0.200000E+01        0.875851E+00            56.20743
      143         0.200000E+00        0.123094E+00            38.45281
      144         0.500000E+01        0.109109E+01            78.17828
      145         0.200000E+01        0.883699E+00            55.81504
      146         0.200000E+00        0.123492E+00            38.25412
      147         0.500000E+01        0.109428E+01            78.11434
      148         0.200000E+01        0.883685E+00            55.81576
      149         0.200000E+00        0.113859E+00            43.07073
      150         0.500000E+01        0.108415E+01            78.31691
      151         0.200000E+01        0.876180E+00            56.19102
      152         0.200000E+00        0.123522E+00            38.23879
      153         0.500000E+01        0.109775E+01            78.04493
      154         0.200000E+01        0.878367E+00            56.08167
      155         0.200000E+00        0.122634E+00            38.68307
      156         0.500000E+01        0.122000E+01            75.59992
      157         0.200000E+01        0.944064E+00            52.79678
      158         0.200000E+00        0.156163E+00            21.91874
      159         0.500000E+01        0.122183E+01            75.56339
      160         0.200000E+01        0.944192E+00            52.79042
      161         0.200000E+00        0.155344E+00            22.32807
      162         0.500000E+01        0.110416E+01            77.91684
      163         0.200000E+01        0.878922E+00            56.05391
      164         0.200000E+00        0.114183E+00            42.90849
      165         0.500000E+01        0.108778E+01            78.24433
      166         0.200000E+01        0.876983E+00            56.15083
      167         0.200000E+00        0.122638E+00            38.68109
      168         0.500000E+01        0.109219E+01            78.15621
      169         0.200000E+01        0.884008E+00            55.79959
      170         0.200000E+00        0.123622E+00            38.18898
      171         0.500000E+01        0.109462E+01            78.10752
      172         0.200000E+01        0.884071E+00            55.79647
      173         0.200000E+00        0.113493E+00            43.25369
      174         0.500000E+01        0.108405E+01            78.31903
      175         0.200000E+01        0.877046E+00            56.14772
      176         0.200000E+00        0.122800E+00            38.60017
      177         0.500000E+01        0.109232E+01            78.15360
      178         0.200000E+01        0.879320E+00            56.03402
      179         0.200000E+00        0.121123E+00            39.43842
      180         0.500000E+01        0.118335E+01            76.33297
      181         0.200000E+01        0.933345E+00            53.33274
      182         0.200000E+00        0.156151E+00            21.92471
      183         0.500000E+01        0.111827E+01            77.63451
      184         0.200000E+01        0.886211E+00            55.68943
      185         0.200000E+00        0.118403E+00            40.79850
      186         0.500000E+01        0.119040E+01            76.19202
      187         0.200000E+01        0.937375E+00            53.13125
      188         0.200000E+00        0.142997E+00            28.50145
      189         0.500000E+01        0.110433E+01            77.91342
      190         0.200000E+01        0.887501E+00            55.62495
      191         0.200000E+00        0.124173E+00            37.91359
      192         0.500000E+01        0.112283E+01            77.54338
      193         0.200000E+01        0.906584E+00            54.67078
      194         0.200000E+00        0.124096E+00            37.95180
      195         0.500000E+01        0.115666E+01            76.86679
      196         0.200000E+01        0.931427E+00            53.42864
      197         0.200000E+00        0.114404E+00            42.79801
      198         0.500000E+01        0.120708E+01            75.85837
      199         0.200000E+01        0.979839E+00            51.00807
      200         0.200000E+00        0.126907E+00            36.54627
      201         0.500000E+01        0.134935E+01            73.01300
      202         0.200000E+01        0.111495E+01            44.25241
      203         0.200000E+00        0.145580E+00            27.20992
 INFO::finishdf:resulting file ***controlvector_prior.nc*** successfully written.
 INFO::finishdf:resulting file ***controlvector_post.nc*** successfully written.
 
       Extreme off diagonal correlations
            Min/Max                 value    i    j
                Min              -0.25647    6    4
                Max               0.38510    7    4
 
 INFO::runua:start target HH-backscatter processing...
 INFO::backscatter_hh_retrieval:start computation of HH-backscatter at prior...
 INFO::backscatter_hh_retrieval:...DONE
 INFO::backscatter_hh_retrieval:start computation of HH-backscatter at x...
 INFO::backscatter_hh_retrieval:...DONE
 INFO::backscatter_hh_retrieval:start computation of HH-backscatter Jacobian at x...
 INFO::backscatter_hh_retrieval:...DONE
 INFO::backscatter_hh_retrieval:generated target data file ***backscatter_hh_prior.nc***
 INFO::backscatter_hh_retrieval:generated target data file ***backscatter_hh_post.nc***
 INFO::runua:...HH-backscatter processing DONE
 INFO::runua:start target FAPAR processing...
 INFO::fapar_retrieval:start computation of FAPAR at prior...
 INFO::fapar_retrieval:...DONE
 INFO::fapar_retrieval:start computation of FAPAR at x...
 INFO::fapar_retrieval:...DONE
 INFO::fapar_retrieval:start computation of FAPAR Jacobian at x...
 INFO::fapar_retrieval:...DONE
 INFO::fapar_retrieval:generated target data file ***fapar_prior.nc***
 INFO::fapar_retrieval:generated target data file ***fapar_post.nc***
 INFO::runua:...FAPAR processing DONE
