 INFO::retrieval_read_ctl:read settings from file ***retrctl.nml***...
 INFO::retrieval_read_ctl:...reading done.
 INFO::use_prior_term: T
 INFO::use_state_term: T
 INFO::gradient_tolerance: .10000E-04
 INFO::prior_pert: .25000E+00
 INFO::runua:calling initf...
 DEBUG::load_ivgeom:ndims= 2
 INFO::initf:retrieval configuration was read from ***retrconfig.nc***
 DEBUG::initf:ncrd_retrieval_config has finished, yields:npts=  67 npts_s1=  47 npts_s2=   9
 INFO::load_sitenml:successfully read site namelist file ***site.nml***
 INFO::setprior:prior control vector was read from ***retrprior.nc***
 DEBUG::setprior:ncrd_retrieval_prior terminated successfully
 INFO::runua:...done.
 INFO::runua:calling initx...
 INFO::runua:...done.
 INFO::state_model_set:will be setting-up simple state-model of type "mx(i+1)=a(i+1)*x(i) + b(i+1)"
 INFO::state_model_set:reading model configuration from file ***retrmodel.nc***...
 INFO::state_model_set:...reading done.
 INFO::getobs:initial loading of observations...
 INFO::getobs:reading S1 observations from ***obs_s1.nc***
 INFO::ncrd_obs_vector:dataset ---backscatter--- detected fill-value:-99999.00000000
 INFO::ncrd_obs_vector:dataset ---backscatter_unc--- detected fill-value:-99999.00000000
 INFO::ncrd_obs_vector:s1 detected no fill-values
 INFO::ncrd_obs_vector:s1 detected no uncertainthy fill-values
 INFO::getobs:...loading S1 observations done.
 INFO::getobs:reading S2 observations from ***obs_s2.nc***
 INFO::ncrd_obs_vector:dataset ---brf--- detected fill-value:-99999.00000000
 INFO::ncrd_obs_vector:dataset ---brf_unc--- detected fill-value:-99999.00000000
 INFO::ncrd_obs_vector:s2 detected data fill-values:      60
 INFO::ncrd_obs_vector:s2 detected unc. fill-values:      60
 INFO::getobs:...loading observations done.
 INFO::getobs:...initial loading done
 
 INFO::ua:SVD done with ierr =          0
 
#
#       i          Prior Sigma          Post Sigma       Unc. Red. [%]
#
        1         0.100000E+00        0.268118E-01            73.18821
        2         0.100000E+00        0.277005E-01            72.29954
        3         0.500000E+01        0.132377E+01            73.52458
        4         0.200000E+01        0.111856E+01            44.07209
        5         0.200000E+00        0.134355E+00            32.82247
        6         0.500000E+01        0.117522E+01            76.49561
        7         0.200000E+01        0.983853E+00            50.80734
        8         0.200000E+00        0.118314E+00            40.84319
        9         0.500000E+01        0.109597E+01            78.08062
       10         0.200000E+01        0.923923E+00            53.80384
       11         0.200000E+00        0.124649E+00            37.67545
       12         0.500000E+01        0.107229E+01            78.55421
       13         0.200000E+01        0.905374E+00            54.73129
       14         0.200000E+00        0.124052E+00            37.97401
       15         0.500000E+01        0.106621E+01            78.67570
       16         0.200000E+01        0.893008E+00            55.34959
       17         0.200000E+00        0.113979E+00            43.01035
       18         0.500000E+01        0.114238E+01            77.15237
       19         0.200000E+01        0.935444E+00            53.22782
       20         0.200000E+00        0.142390E+00            28.80478
       21         0.500000E+01        0.104763E+01            79.04748
       22         0.200000E+01        0.873171E+00            56.34147
       23         0.200000E+00        0.122059E+00            38.97054
       24         0.500000E+01        0.117712E+01            76.45766
       25         0.200000E+01        0.942161E+00            52.89195
       26         0.200000E+00        0.156112E+00            21.94412
       27         0.500000E+01        0.117718E+01            76.45639
       28         0.200000E+01        0.942053E+00            52.89736
       29         0.200000E+00        0.155984E+00            22.00795
       30         0.500000E+01        0.104785E+01            79.04297
       31         0.200000E+01        0.872696E+00            56.36519
       32         0.200000E+00        0.120771E+00            39.61433
       33         0.500000E+01        0.113698E+01            77.26044
       34         0.200000E+01        0.929888E+00            53.50559
       35         0.200000E+00        0.142255E+00            28.87258
       36         0.500000E+01        0.105598E+01            78.88044
       37         0.200000E+01        0.877172E+00            56.14138
       38         0.200000E+00        0.113006E+00            43.49678
       39         0.500000E+01        0.116818E+01            76.63637
       40         0.200000E+01        0.940946E+00            52.95269
       41         0.200000E+00        0.155221E+00            22.38968
       42         0.500000E+01        0.115210E+01            76.95804
       43         0.200000E+01        0.937341E+00            53.13296
       44         0.200000E+00        0.155270E+00            22.36491
       45         0.500000E+01        0.998552E+00            80.02896
       46         0.200000E+01        0.861349E+00            56.93256
       47         0.200000E+00        0.113539E+00            43.23036
       48         0.500000E+01        0.101151E+01            79.76979
       49         0.200000E+01        0.901934E+00            54.90332
       50         0.200000E+00        0.141302E+00            29.34890
       51         0.500000E+01        0.773264E+00            84.53471
       52         0.200000E+01        0.800195E+00            59.99024
       53         0.200000E+00        0.111469E+00            44.26569
       54         0.500000E+01        0.166682E+00            96.66636
       55         0.200000E+01        0.878204E+00            56.08979
       56         0.200000E+00        0.113124E+00            43.43775
       57         0.500000E+01        0.870262E+00            82.59477
       58         0.200000E+01        0.935404E+00            53.22982
       59         0.200000E+00        0.155096E+00            22.45210
       60         0.500000E+01        0.102432E+01            79.51364
       61         0.200000E+01        0.930489E+00            53.47554
       62         0.200000E+00        0.155910E+00            22.04518
       63         0.500000E+01        0.974970E+00            80.50060
       64         0.200000E+01        0.856733E+00            57.16334
       65         0.200000E+00        0.121587E+00            39.20636
       66         0.500000E+01        0.112711E+01            77.45777
       67         0.200000E+01        0.934614E+00            53.26932
       68         0.200000E+00        0.156176E+00            21.91180
       69         0.500000E+01        0.113247E+01            77.35055
       70         0.200000E+01        0.936978E+00            53.15109
       71         0.200000E+00        0.175764E+00            12.11789
       72         0.500000E+01        0.994417E+00            80.11165
       73         0.200000E+01        0.867162E+00            56.64188
       74         0.200000E+00        0.118566E+00            40.71685
       75         0.500000E+01        0.915464E+00            81.69071
       76         0.200000E+01        0.841828E+00            57.90858
       77         0.200000E+00        0.123058E+00            38.47089
       78         0.500000E+01        0.780251E+00            84.39498
       79         0.200000E+01        0.824358E+00            58.78211
       80         0.200000E+00        0.118901E+00            40.54933
       81         0.500000E+01        0.170367E+00            96.59267
       82         0.200000E+01        0.850794E+00            57.46029
       83         0.200000E+00        0.117075E+00            41.46268
       84         0.500000E+01        0.762033E+00            84.75935
       85         0.200000E+01        0.807610E+00            59.61951
       86         0.200000E+00        0.102469E+00            48.76545
       87         0.500000E+01        0.867204E+00            82.65591
       88         0.200000E+01        0.830677E+00            58.46613
       89         0.200000E+00        0.119798E+00            40.10121
       90         0.500000E+01        0.878612E+00            82.42776
       91         0.200000E+01        0.839058E+00            58.04709
       92         0.200000E+00        0.121218E+00            39.39122
       93         0.500000E+01        0.760941E+00            84.78117
       94         0.200000E+01        0.817081E+00            59.14594
       95         0.200000E+00        0.105216E+00            47.39206
       96         0.500000E+01        0.162580E+00            96.74839
       97         0.200000E+01        0.860285E+00            56.98577
       98         0.200000E+00        0.109215E+00            45.39272
       99         0.500000E+01        0.760674E+00            84.78653
      100         0.200000E+01        0.810849E+00            59.45755
      101         0.200000E+00        0.112496E+00            43.75176
      102         0.500000E+01        0.898649E+00            82.02702
      103         0.200000E+01        0.844991E+00            57.75043
      104         0.200000E+00        0.121877E+00            39.06163
      105         0.500000E+01        0.931393E+00            81.37213
      106         0.200000E+01        0.854052E+00            57.29739
      107         0.200000E+00        0.113086E+00            43.45694
      108         0.500000E+01        0.891584E+00            82.16832
      109         0.200000E+01        0.838933E+00            58.05337
      110         0.200000E+00        0.121776E+00            39.11183
      111         0.500000E+01        0.773135E+00            84.53730
      112         0.200000E+01        0.828629E+00            58.56857
      113         0.200000E+00        0.118952E+00            40.52390
      114         0.500000E+01        0.167808E+00            96.64384
      115         0.200000E+01        0.875420E+00            56.22899
      116         0.200000E+00        0.126243E+00            36.87847
      117         0.500000E+01        0.778130E+00            84.43741
      118         0.200000E+01        0.829698E+00            58.51511
      119         0.200000E+00        0.109771E+00            45.11451
      120         0.500000E+01        0.895253E+00            82.09494
      121         0.200000E+01        0.843523E+00            57.82385
      122         0.200000E+00        0.121590E+00            39.20489
      123         0.500000E+01        0.950114E+00            80.99772
      124         0.200000E+01        0.860823E+00            56.95883
      125         0.200000E+00        0.122990E+00            38.50484
      126         0.500000E+01        0.953893E+00            80.92214
      127         0.200000E+01        0.861072E+00            56.94640
      128         0.200000E+00        0.112208E+00            43.89599
      129         0.500000E+01        0.899525E+00            82.00949
      130         0.200000E+01        0.838763E+00            58.06184
      131         0.200000E+00        0.122443E+00            38.77865
      132         0.500000E+01        0.777211E+00            84.45578
      133         0.200000E+01        0.823011E+00            58.84947
      134         0.200000E+00        0.118291E+00            40.85440
      135         0.500000E+01        0.172629E+00            96.54742
      136         0.200000E+01        0.846409E+00            57.67955
      137         0.200000E+00        0.117086E+00            41.45693
      138         0.500000E+01        0.771122E+00            84.57756
      139         0.200000E+01        0.808185E+00            59.59077
      140         0.200000E+00        0.102484E+00            48.75785
      141         0.500000E+01        0.893958E+00            82.12085
      142         0.200000E+01        0.838264E+00            58.08681
      143         0.200000E+00        0.120376E+00            39.81181
      144         0.500000E+01        0.950253E+00            80.99494
      145         0.200000E+01        0.859322E+00            57.03390
      146         0.200000E+00        0.122816E+00            38.59204
      147         0.500000E+01        0.953369E+00            80.93263
      148         0.200000E+01        0.858995E+00            57.05025
      149         0.200000E+00        0.113161E+00            43.41925
      150         0.500000E+01        0.899369E+00            82.01262
      151         0.200000E+01        0.834764E+00            58.26180
      152         0.200000E+00        0.121352E+00            39.32407
      153         0.500000E+01        0.766961E+00            84.66077
      154         0.200000E+01        0.799738E+00            60.01308
      155         0.200000E+00        0.110475E+00            44.76240
      156         0.500000E+01        0.168127E+00            96.63745
      157         0.200000E+01        0.833231E+00            58.33847
      158         0.200000E+00        0.117833E+00            41.08346
      159         0.500000E+01        0.473716E-01            99.05257
      160         0.200000E+01        0.782495E+00            60.87526
      161         0.200000E+00        0.757632E-01            62.11839
      162         0.500000E+01        0.762819E+00            84.74363
      163         0.200000E+01        0.777136E+00            61.14318
      164         0.200000E+00        0.101423E+00            49.28850
      165         0.500000E+01        0.891507E+00            82.16986
      166         0.200000E+01        0.828897E+00            58.55516
      167         0.200000E+00        0.119211E+00            40.39438
      168         0.500000E+01        0.947250E+00            81.05500
      169         0.200000E+01        0.854819E+00            57.25907
      170         0.200000E+00        0.122833E+00            38.58370
      171         0.500000E+01        0.949912E+00            81.00176
      172         0.200000E+01        0.854990E+00            57.25051
      173         0.200000E+00        0.112802E+00            43.59892
      174         0.500000E+01        0.894149E+00            82.11702
      175         0.200000E+01        0.827007E+00            58.64964
      176         0.200000E+00        0.120681E+00            39.65937
      177         0.500000E+01        0.756834E+00            84.86332
      178         0.200000E+01        0.772058E+00            61.39710
      179         0.200000E+00        0.108511E+00            45.74425
      180         0.500000E+01        0.470725E-01            99.05855
      181         0.200000E+01        0.761724E+00            61.91379
      182         0.200000E+00        0.738065E-01            63.09674
      183         0.500000E+01        0.640548E+00            87.18904
      184         0.200000E+01        0.725263E+00            63.73683
      185         0.200000E+00        0.100672E+00            49.66403
      186         0.500000E+01        0.488194E-01            99.02361
      187         0.200000E+01        0.698740E+00            65.06301
      188         0.200000E+00        0.775022E-01            61.24889
      189         0.500000E+01        0.763362E+00            84.73276
      190         0.200000E+01        0.760592E+00            61.97040
      191         0.200000E+00        0.110588E+00            44.70621
      192         0.500000E+01        0.934739E+00            81.30522
      193         0.200000E+01        0.848724E+00            57.56382
      194         0.200000E+00        0.121729E+00            39.13553
      195         0.500000E+01        0.103050E+01            79.39004
      196         0.200000E+01        0.900541E+00            54.97293
      197         0.200000E+00        0.113836E+00            43.08210
      198         0.500000E+01        0.110998E+01            77.80039
      199         0.200000E+01        0.960906E+00            51.95471
      200         0.200000E+00        0.126612E+00            36.69387
      201         0.500000E+01        0.127146E+01            74.57085
      202         0.200000E+01        0.110190E+01            44.90489
      203         0.200000E+00        0.145418E+00            27.29109
 INFO::finishdf:resulting file ***controlvector_prior.nc*** successfully written.
 INFO::finishdf:resulting file ***controlvector_post.nc*** successfully written.
 
       Extreme off diagonal correlations
            Min/Max                 value    i    j
                Min              -0.27436    6    4
                Max               0.38419    7    4
 
 INFO::runua:start target HH-backscatter processing...
 INFO::backscatter_hh_retrieval:start computation of HH-backscatter at prior...
 INFO::backscatter_hh_retrieval:...DONE
 INFO::backscatter_hh_retrieval:start computation of HH-backscatter at x...
 INFO::backscatter_hh_retrieval:...DONE
 INFO::backscatter_hh_retrieval:start computation of HH-backscatter Jacobian at x...
 INFO::backscatter_hh_retrieval:...DONE
 INFO::backscatter_hh_retrieval:generated target data file ***backscatter_hh_prior.nc***
 INFO::backscatter_hh_retrieval:generated target data file ***backscatter_hh_post.nc***
 INFO::runua:...HH-backscatter processing DONE
 INFO::runua:start target FAPAR processing...
 INFO::fapar_retrieval:start computation of FAPAR at prior...
 INFO::fapar_retrieval:...DONE
 INFO::fapar_retrieval:start computation of FAPAR at x...
 INFO::fapar_retrieval:...DONE
 INFO::fapar_retrieval:start computation of FAPAR Jacobian at x...
 INFO::fapar_retrieval:...DONE
 INFO::fapar_retrieval:generated target data file ***fapar_prior.nc***
 INFO::fapar_retrieval:generated target data file ***fapar_post.nc***
 INFO::runua:...FAPAR processing DONE
