 INFO::retrieval_read_ctl:read settings from file ***retrctl.nml***...
 INFO::retrieval_read_ctl:...reading done.
 INFO::use_prior_term: T
 INFO::use_state_term: T
 INFO::gradient_tolerance: .10000E-04
 INFO::prior_pert: .25000E+00
 INFO::runua:calling initf...
 DEBUG::load_ivgeom:ndims= 2
 INFO::initf:retrieval configuration was read from ***retrconfig.nc***
 DEBUG::initf:ncrd_retrieval_config has finished, yields:npts=  67 npts_s1=  47 npts_s2=   6
 INFO::load_sitenml:successfully read site namelist file ***site.nml***
 INFO::setprior:prior control vector was read from ***retrprior.nc***
 DEBUG::setprior:ncrd_retrieval_prior terminated successfully
 INFO::runua:...done.
 INFO::runua:calling initx...
 INFO::runua:...done.
 INFO::state_model_set:will be setting-up simple state-model of type "mx(i+1)=a(i+1)*x(i) + b(i+1)"
 INFO::state_model_set:reading model configuration from file ***retrmodel.nc***...
 INFO::state_model_set:...reading done.
 INFO::getobs:initial loading of observations...
 INFO::getobs:reading S1 observations from ***obs_s1.nc***
 INFO::ncrd_obs_vector:dataset ---backscatter--- detected fill-value:-99999.00000000
 INFO::ncrd_obs_vector:dataset ---backscatter_unc--- detected fill-value:-99999.00000000
 INFO::ncrd_obs_vector:s1 detected no fill-values
 INFO::ncrd_obs_vector:s1 detected no uncertainthy fill-values
 INFO::getobs:...loading S1 observations done.
 INFO::getobs:reading S2 observations from ***obs_s2.nc***
 INFO::ncrd_obs_vector:dataset ---brf--- detected fill-value:-99999.00000000
 INFO::ncrd_obs_vector:dataset ---brf_unc--- detected fill-value:-99999.00000000
 INFO::ncrd_obs_vector:s2 detected data fill-values:      18
 INFO::ncrd_obs_vector:s2 detected unc. fill-values:      18
 INFO::getobs:...loading observations done.
 INFO::getobs:...initial loading done
 
 INFO::ua:SVD done with ierr =          0
 
#
#       i          Prior Sigma          Post Sigma       Unc. Red. [%]
#
        1         0.100000E+00        0.283456E-01            71.65437
        2         0.100000E+00        0.291663E-01            70.83369
        3         0.500000E+01        0.132826E+01            73.43471
        4         0.200000E+01        0.111871E+01            44.06473
        5         0.200000E+00        0.134361E+00            32.81974
        6         0.500000E+01        0.118027E+01            76.39457
        7         0.200000E+01        0.984022E+00            50.79889
        8         0.200000E+00        0.118320E+00            40.83990
        9         0.500000E+01        0.110138E+01            77.97230
       10         0.200000E+01        0.924110E+00            53.79448
       11         0.200000E+00        0.124657E+00            37.67175
       12         0.500000E+01        0.107776E+01            78.44487
       13         0.200000E+01        0.905565E+00            54.72175
       14         0.200000E+00        0.124060E+00            37.97010
       15         0.500000E+01        0.107159E+01            78.56818
       16         0.200000E+01        0.893196E+00            55.34018
       17         0.200000E+00        0.113988E+00            43.00593
       18         0.500000E+01        0.114711E+01            77.05773
       19         0.200000E+01        0.935589E+00            53.22056
       20         0.200000E+00        0.142393E+00            28.80337
       21         0.500000E+01        0.105289E+01            78.94228
       22         0.200000E+01        0.873370E+00            56.33148
       23         0.200000E+00        0.122072E+00            38.96417
       24         0.500000E+01        0.118132E+01            76.37354
       25         0.200000E+01        0.942278E+00            52.88610
       26         0.200000E+00        0.156113E+00            21.94335
       27         0.500000E+01        0.118125E+01            76.37505
       28         0.200000E+01        0.942162E+00            52.89190
       29         0.200000E+00        0.155986E+00            22.00706
       30         0.500000E+01        0.105262E+01            78.94763
       31         0.200000E+01        0.872862E+00            56.35688
       32         0.200000E+00        0.120787E+00            39.60665
       33         0.500000E+01        0.114084E+01            77.18315
       34         0.200000E+01        0.929937E+00            53.50315
       35         0.200000E+00        0.142259E+00            28.87041
       36         0.500000E+01        0.105985E+01            78.80296
       37         0.200000E+01        0.877084E+00            56.14578
       38         0.200000E+00        0.113025E+00            43.48766
       39         0.500000E+01        0.117054E+01            76.58927
       40         0.200000E+01        0.940387E+00            52.98064
       41         0.200000E+00        0.155223E+00            22.38854
       42         0.500000E+01        0.115338E+01            76.93243
       43         0.200000E+01        0.935698E+00            53.21508
       44         0.200000E+00        0.155271E+00            22.36464
       45         0.500000E+01        0.998611E+00            80.02778
       46         0.200000E+01        0.856470E+00            57.17651
       47         0.200000E+00        0.113539E+00            43.23060
       48         0.500000E+01        0.100871E+01            79.82583
       49         0.200000E+01        0.887950E+00            55.60249
       50         0.200000E+00        0.141134E+00            29.43295
       51         0.500000E+01        0.765074E+00            84.69851
       52         0.200000E+01        0.755613E+00            62.21935
       53         0.200000E+00        0.109203E+00            45.39832
       54         0.500000E+01        0.502823E-01            98.99435
       55         0.200000E+01        0.745480E+00            62.72598
       56         0.200000E+00        0.835678E-01            58.21612
       57         0.500000E+01        0.861243E+00            82.77514
       58         0.200000E+01        0.892550E+00            55.37250
       59         0.200000E+00        0.152661E+00            23.66971
       60         0.500000E+01        0.102017E+01            79.59658
       61         0.200000E+01        0.915684E+00            54.21578
       62         0.200000E+00        0.155885E+00            22.05746
       63         0.500000E+01        0.973590E+00            80.52820
       64         0.200000E+01        0.851872E+00            57.40641
       65         0.200000E+00        0.121619E+00            39.19040
       66         0.500000E+01        0.112648E+01            77.47049
       67         0.200000E+01        0.932508E+00            53.37461
       68         0.200000E+00        0.156180E+00            21.90996
       69         0.500000E+01        0.113179E+01            77.36425
       70         0.200000E+01        0.934957E+00            53.25215
       71         0.200000E+00        0.175765E+00            12.11735
       72         0.500000E+01        0.992876E+00            80.14249
       73         0.200000E+01        0.862709E+00            56.86454
       74         0.200000E+00        0.118614E+00            40.69303
       75         0.500000E+01        0.910350E+00            81.79301
       76         0.200000E+01        0.830123E+00            58.49385
       77         0.200000E+00        0.123046E+00            38.47712
       78         0.500000E+01        0.769010E+00            84.61981
       79         0.200000E+01        0.786784E+00            60.66078
       80         0.200000E+00        0.117925E+00            41.03743
       81         0.500000E+01        0.507357E-01            98.98529
       82         0.200000E+01        0.720792E+00            63.96040
       83         0.200000E+00        0.855533E-01            57.22337
       84         0.500000E+01        0.753770E+00            84.92459
       85         0.200000E+01        0.762964E+00            61.85181
       86         0.200000E+00        0.100508E+00            49.74606
       87         0.500000E+01        0.862034E+00            82.75931
       88         0.200000E+01        0.814579E+00            59.27105
       89         0.200000E+00        0.119503E+00            40.24874
       90         0.500000E+01        0.873586E+00            82.52827
       91         0.200000E+01        0.824641E+00            58.76793
       92         0.200000E+00        0.121012E+00            39.49391
       93         0.500000E+01        0.754066E+00            84.91867
       94         0.200000E+01        0.776114E+00            61.19431
       95         0.200000E+00        0.103066E+00            48.46702
       96         0.500000E+01        0.490223E-01            99.01955
       97         0.200000E+01        0.748887E+00            62.55567
       98         0.200000E+00        0.753684E-01            62.31578
       99         0.500000E+01        0.754027E+00            84.91946
      100         0.200000E+01        0.770388E+00            61.48062
      101         0.200000E+00        0.110078E+00            44.96121
      102         0.500000E+01        0.894743E+00            82.10514
      103         0.200000E+01        0.833177E+00            58.34116
      104         0.200000E+00        0.121691E+00            39.15463
      105         0.500000E+01        0.928482E+00            81.43035
      106         0.200000E+01        0.848065E+00            57.59677
      107         0.200000E+00        0.113111E+00            43.44455
      108         0.500000E+01        0.887179E+00            82.25642
      109         0.200000E+01        0.830058E+00            58.49712
      110         0.200000E+00        0.121773E+00            39.11361
      111         0.500000E+01        0.764337E+00            84.71327
      112         0.200000E+01        0.802143E+00            59.89286
      113         0.200000E+00        0.118248E+00            40.87621
      114         0.500000E+01        0.491605E-01            99.01679
      115         0.200000E+01        0.791785E+00            60.41077
      116         0.200000E+00        0.825536E-01            58.72320
      117         0.500000E+01        0.769333E+00            84.61333
      118         0.200000E+01        0.803416E+00            59.82918
      119         0.200000E+00        0.109157E+00            45.42169
      120         0.500000E+01        0.891670E+00            82.16659
      121         0.200000E+01        0.834345E+00            58.28274
      122         0.200000E+00        0.121539E+00            39.23038
      123         0.500000E+01        0.948421E+00            81.03158
      124         0.200000E+01        0.856459E+00            57.17707
      125         0.200000E+00        0.123026E+00            38.48719
      126         0.500000E+01        0.951661E+00            80.96679
      127         0.200000E+01        0.855741E+00            57.21294
      128         0.200000E+00        0.112242E+00            43.87915
      129         0.500000E+01        0.893891E+00            82.12218
      130         0.200000E+01        0.826347E+00            58.68266
      131         0.200000E+00        0.122417E+00            38.79161
      132         0.500000E+01        0.765357E+00            84.69287
      133         0.200000E+01        0.783577E+00            60.82115
      134         0.200000E+00        0.117281E+00            41.35933
      135         0.500000E+01        0.511643E-01            98.97671
      136         0.200000E+01        0.708013E+00            64.59933
      137         0.200000E+00        0.870170E-01            56.49151
      138         0.500000E+01        0.762670E+00            84.74661
      139         0.200000E+01        0.761806E+00            61.90970
      140         0.200000E+00        0.100538E+00            49.73090
      141         0.500000E+01        0.890335E+00            82.19331
      142         0.200000E+01        0.823410E+00            58.82950
      143         0.200000E+00        0.120098E+00            39.95092
      144         0.500000E+01        0.948916E+00            81.02167
      145         0.200000E+01        0.853433E+00            57.32836
      146         0.200000E+00        0.122829E+00            38.58528
      147         0.500000E+01        0.952461E+00            80.95077
      148         0.200000E+01        0.853664E+00            57.31682
      149         0.200000E+00        0.113175E+00            43.41227
      150         0.500000E+01        0.896815E+00            82.06370
      151         0.200000E+01        0.823476E+00            58.82621
      152         0.200000E+00        0.121218E+00            39.39088
      153         0.500000E+01        0.761489E+00            84.77023
      154         0.200000E+01        0.760722E+00            61.96391
      155         0.200000E+00        0.108412E+00            45.79414
      156         0.500000E+01        0.509858E-01            98.98028
      157         0.200000E+01        0.729325E+00            63.53373
      158         0.200000E+00        0.876274E-01            56.18630
      159         0.500000E+01        0.831530E+00            83.36940
      160         0.200000E+01        0.865692E+00            56.71541
      161         0.200000E+00        0.154279E+00            22.86030
      162         0.500000E+01        0.911362E+00            81.77276
      163         0.200000E+01        0.833775E+00            58.31125
      164         0.200000E+00        0.110854E+00            44.57291
      165         0.500000E+01        0.966453E+00            80.67095
      166         0.200000E+01        0.854104E+00            57.29482
      167         0.200000E+00        0.121579E+00            39.21047
      168         0.500000E+01        0.100631E+01            79.87386
      169         0.200000E+01        0.872243E+00            56.38783
      170         0.200000E+00        0.123349E+00            38.32534
      171         0.500000E+01        0.102606E+01            79.47872
      172         0.200000E+01        0.877898E+00            56.10512
      173         0.200000E+00        0.113390E+00            43.30517
      174         0.500000E+01        0.102368E+01            79.52643
      175         0.200000E+01        0.873537E+00            56.32317
      176         0.200000E+00        0.122724E+00            38.63788
      177         0.500000E+01        0.103796E+01            79.24080
      178         0.200000E+01        0.877095E+00            56.14524
      179         0.200000E+00        0.121058E+00            39.47112
      180         0.500000E+01        0.113799E+01            77.24013
      181         0.200000E+01        0.932098E+00            53.39512
      182         0.200000E+00        0.156140E+00            21.92980
      183         0.500000E+01        0.107081E+01            78.58380
      184         0.200000E+01        0.884888E+00            55.75559
      185         0.200000E+00        0.118326E+00            40.83699
      186         0.500000E+01        0.114806E+01            77.03885
      187         0.200000E+01        0.936389E+00            53.18057
      188         0.200000E+00        0.142978E+00            28.51109
      189         0.500000E+01        0.105701E+01            78.85971
      190         0.200000E+01        0.886135E+00            55.69324
      191         0.200000E+00        0.124105E+00            37.94762
      192         0.500000E+01        0.107641E+01            78.47185
      193         0.200000E+01        0.905216E+00            54.73919
      194         0.200000E+00        0.124038E+00            37.98093
      195         0.500000E+01        0.111181E+01            77.76386
      196         0.200000E+01        0.930095E+00            53.49526
      197         0.200000E+00        0.114352E+00            42.82422
      198         0.500000E+01        0.116402E+01            76.71969
      199         0.200000E+01        0.978530E+00            51.07352
      200         0.200000E+00        0.126853E+00            36.57334
      201         0.500000E+01        0.131103E+01            73.77943
      202         0.200000E+01        0.111381E+01            44.30968
      203         0.200000E+00        0.145535E+00            27.23244
 INFO::finishdf:resulting file ***controlvector_prior.nc*** successfully written.
 INFO::finishdf:resulting file ***controlvector_post.nc*** successfully written.
 
       Extreme off diagonal correlations
            Min/Max                 value    i    j
                Min              -0.27235    6    4
                Max               0.38429    7    4
 
 INFO::runua:start target HH-backscatter processing...
 INFO::backscatter_hh_retrieval:start computation of HH-backscatter at prior...
 INFO::backscatter_hh_retrieval:...DONE
 INFO::backscatter_hh_retrieval:start computation of HH-backscatter at x...
 INFO::backscatter_hh_retrieval:...DONE
 INFO::backscatter_hh_retrieval:start computation of HH-backscatter Jacobian at x...
 INFO::backscatter_hh_retrieval:...DONE
 INFO::backscatter_hh_retrieval:generated target data file ***backscatter_hh_prior.nc***
 INFO::backscatter_hh_retrieval:generated target data file ***backscatter_hh_post.nc***
 INFO::runua:...HH-backscatter processing DONE
 INFO::runua:start target FAPAR processing...
 INFO::fapar_retrieval:start computation of FAPAR at prior...
 INFO::fapar_retrieval:...DONE
 INFO::fapar_retrieval:start computation of FAPAR at x...
 INFO::fapar_retrieval:...DONE
 INFO::fapar_retrieval:start computation of FAPAR Jacobian at x...
 INFO::fapar_retrieval:...DONE
 INFO::fapar_retrieval:generated target data file ***fapar_prior.nc***
 INFO::fapar_retrieval:generated target data file ***fapar_post.nc***
 INFO::runua:...FAPAR processing DONE
